

Started GET "/" for 127.0.0.1 at 2015-05-23 10:55:51 +0530

ActiveRecord::PendingMigrationError (

Migrations are pending. To resolve this issue, run:

	bin/rake db:migrate RAILS_ENV=development

):
  activerecord (4.2.1) lib/active_record/migration.rb:393:in `check_pending!'
  activerecord (4.2.1) lib/active_record/migration.rb:374:in `call'
  actionpack (4.2.1) lib/action_dispatch/middleware/callbacks.rb:29:in `block in call'
  activesupport (4.2.1) lib/active_support/callbacks.rb:88:in `call'
  activesupport (4.2.1) lib/active_support/callbacks.rb:88:in `_run_callbacks'
  activesupport (4.2.1) lib/active_support/callbacks.rb:776:in `_run_call_callbacks'
  activesupport (4.2.1) lib/active_support/callbacks.rb:81:in `run_callbacks'
  actionpack (4.2.1) lib/action_dispatch/middleware/callbacks.rb:27:in `call'
  actionpack (4.2.1) lib/action_dispatch/middleware/reloader.rb:73:in `call'
  actionpack (4.2.1) lib/action_dispatch/middleware/remote_ip.rb:78:in `call'
  actionpack (4.2.1) lib/action_dispatch/middleware/debug_exceptions.rb:17:in `call'
  web-console (2.1.2) lib/web_console/middleware.rb:37:in `call'
  actionpack (4.2.1) lib/action_dispatch/middleware/show_exceptions.rb:30:in `call'
  railties (4.2.1) lib/rails/rack/logger.rb:38:in `call_app'
  railties (4.2.1) lib/rails/rack/logger.rb:20:in `block in call'
  activesupport (4.2.1) lib/active_support/tagged_logging.rb:68:in `block in tagged'
  activesupport (4.2.1) lib/active_support/tagged_logging.rb:26:in `tagged'
  activesupport (4.2.1) lib/active_support/tagged_logging.rb:68:in `tagged'
  railties (4.2.1) lib/rails/rack/logger.rb:20:in `call'
  actionpack (4.2.1) lib/action_dispatch/middleware/request_id.rb:21:in `call'
  rack (1.6.1) lib/rack/methodoverride.rb:22:in `call'
  rack (1.6.1) lib/rack/runtime.rb:18:in `call'
  activesupport (4.2.1) lib/active_support/cache/strategy/local_cache_middleware.rb:28:in `call'
  rack (1.6.1) lib/rack/lock.rb:17:in `call'
  actionpack (4.2.1) lib/action_dispatch/middleware/static.rb:113:in `call'
  rack (1.6.1) lib/rack/sendfile.rb:113:in `call'
  railties (4.2.1) lib/rails/engine.rb:518:in `call'
  railties (4.2.1) lib/rails/application.rb:164:in `call'
  rack (1.6.1) lib/rack/lock.rb:17:in `call'
  rack (1.6.1) lib/rack/content_length.rb:15:in `call'
  rack (1.6.1) lib/rack/handler/webrick.rb:89:in `service'
  /home/khushi/.rvm/rubies/ruby-2.2.0/lib/ruby/2.2.0/webrick/httpserver.rb:138:in `service'
  /home/khushi/.rvm/rubies/ruby-2.2.0/lib/ruby/2.2.0/webrick/httpserver.rb:94:in `run'
  /home/khushi/.rvm/rubies/ruby-2.2.0/lib/ruby/2.2.0/webrick/server.rb:294:in `block in start_thread'


  Rendered /home/khushi/.rvm/gems/ruby-2.2.0/gems/actionpack-4.2.1/lib/action_dispatch/middleware/templates/rescues/_source.erb (3.9ms)
  Rendered /home/khushi/.rvm/gems/ruby-2.2.0/gems/actionpack-4.2.1/lib/action_dispatch/middleware/templates/rescues/_trace.html.erb (2.3ms)
  Rendered /home/khushi/.rvm/gems/ruby-2.2.0/gems/actionpack-4.2.1/lib/action_dispatch/middleware/templates/rescues/_request_and_response.html.erb (1.6ms)
  Rendered /home/khushi/.rvm/gems/ruby-2.2.0/gems/actionpack-4.2.1/lib/action_dispatch/middleware/templates/rescues/diagnostics.html.erb within rescues/layout (39.6ms)
  Rendered /home/khushi/.rvm/gems/ruby-2.2.0/gems/web-console-2.1.2/lib/web_console/templates/_markup.html.erb (0.5ms)
  Rendered /home/khushi/.rvm/gems/ruby-2.2.0/gems/web-console-2.1.2/lib/web_console/templates/style.css.erb within layouts/inlined_string (0.6ms)
  Rendered /home/khushi/.rvm/gems/ruby-2.2.0/gems/web-console-2.1.2/lib/web_console/templates/_inner_console_markup.html.erb within layouts/inlined_string (0.4ms)
  Rendered /home/khushi/.rvm/gems/ruby-2.2.0/gems/web-console-2.1.2/lib/web_console/templates/_prompt_box_markup.html.erb within layouts/inlined_string (0.4ms)
  Rendered /home/khushi/.rvm/gems/ruby-2.2.0/gems/web-console-2.1.2/lib/web_console/templates/console.js.erb within layouts/javascript (23.2ms)
  Rendered /home/khushi/.rvm/gems/ruby-2.2.0/gems/web-console-2.1.2/lib/web_console/templates/main.js.erb within layouts/javascript (0.5ms)
  Rendered /home/khushi/.rvm/gems/ruby-2.2.0/gems/web-console-2.1.2/lib/web_console/templates/error_page.js.erb within layouts/javascript (0.9ms)
  Rendered /home/khushi/.rvm/gems/ruby-2.2.0/gems/web-console-2.1.2/lib/web_console/templates/index.html.erb (48.1ms)
  [1m[36m (98.7ms)[0m  [1mCREATE TABLE "schema_migrations" ("version" varchar NOT NULL) [0m
  [1m[35m (0.1ms)[0m  select sqlite_version(*)
  [1m[36m (121.9ms)[0m  [1mCREATE UNIQUE INDEX "unique_schema_migrations" ON "schema_migrations" ("version")[0m
  [1m[35mActiveRecord::SchemaMigration Load (0.1ms)[0m  SELECT "schema_migrations".* FROM "schema_migrations"
Migrating to CreateCountries (20150523051505)
  [1m[36m (0.1ms)[0m  [1mbegin transaction[0m
  [1m[35m (0.5ms)[0m  CREATE TABLE "countries" ("id" INTEGER PRIMARY KEY AUTOINCREMENT NOT NULL, "name" varchar, "description" varchar, "created_at" datetime NOT NULL, "updated_at" datetime NOT NULL) 
  [1m[36mSQL (0.2ms)[0m  [1mINSERT INTO "schema_migrations" ("version") VALUES (?)[0m  [["version", "20150523051505"]]
  [1m[35m (142.4ms)[0m  commit transaction
Migrating to CreateStates (20150523051547)
  [1m[36m (0.1ms)[0m  [1mbegin transaction[0m
  [1m[35m (0.4ms)[0m  CREATE TABLE "states" ("id" INTEGER PRIMARY KEY AUTOINCREMENT NOT NULL, "name" varchar, "country_id" integer, "description" varchar, "created_at" datetime NOT NULL, "updated_at" datetime NOT NULL) 
  [1m[36mSQL (0.1ms)[0m  [1mINSERT INTO "schema_migrations" ("version") VALUES (?)[0m  [["version", "20150523051547"]]
  [1m[35m (119.3ms)[0m  commit transaction
Migrating to CreateCities (20150523051632)
  [1m[36m (0.1ms)[0m  [1mbegin transaction[0m
  [1m[35m (0.4ms)[0m  CREATE TABLE "cities" ("id" INTEGER PRIMARY KEY AUTOINCREMENT NOT NULL, "name" varchar, "country_id" integer, "state_id" integer, "description" varchar, "created_at" datetime NOT NULL, "updated_at" datetime NOT NULL) 
  [1m[36mSQL (0.1ms)[0m  [1mINSERT INTO "schema_migrations" ("version") VALUES (?)[0m  [["version", "20150523051632"]]
  [1m[35m (153.3ms)[0m  commit transaction
  [1m[36mActiveRecord::SchemaMigration Load (0.1ms)[0m  [1mSELECT "schema_migrations".* FROM "schema_migrations"[0m


Started GET "/" for 127.0.0.1 at 2015-05-23 10:57:00 +0530
  [1m[36mActiveRecord::SchemaMigration Load (0.1ms)[0m  [1mSELECT "schema_migrations".* FROM "schema_migrations"[0m
Processing by CountriesController#index as HTML
  [1m[35mCountry Load (0.2ms)[0m  SELECT "countries".* FROM "countries"
  Rendered countries/index.html.erb within layouts/application (3.6ms)
Completed 500 Internal Server Error in 564ms (ActiveRecord: 0.3ms)

ActionView::Template::Error (Could not find a JavaScript runtime. See https://github.com/rails/execjs for a list of available runtimes.):
    3: <head>
    4:   <title>AssociationTask</title>
    5:   <%= stylesheet_link_tag    'application', media: 'all', 'data-turbolinks-track' => true %>
    6:   <%= javascript_include_tag 'application', 'data-turbolinks-track' => true %>
    7:   <%= csrf_meta_tags %>
    8: </head>
    9: <body>
  app/views/layouts/application.html.erb:6:in `_app_views_layouts_application_html_erb__2175956193588923960_35952560'


  Rendered /home/khushi/.rvm/gems/ruby-2.2.0/gems/actionpack-4.2.1/lib/action_dispatch/middleware/templates/rescues/_source.erb (13.7ms)
  Rendered /home/khushi/.rvm/gems/ruby-2.2.0/gems/actionpack-4.2.1/lib/action_dispatch/middleware/templates/rescues/_trace.html.erb (4.8ms)
  Rendered /home/khushi/.rvm/gems/ruby-2.2.0/gems/actionpack-4.2.1/lib/action_dispatch/middleware/templates/rescues/_request_and_response.html.erb (1.6ms)
  Rendered /home/khushi/.rvm/gems/ruby-2.2.0/gems/actionpack-4.2.1/lib/action_dispatch/middleware/templates/rescues/template_error.html.erb within rescues/layout (36.9ms)
  Rendered /home/khushi/.rvm/gems/ruby-2.2.0/gems/web-console-2.1.2/lib/web_console/templates/_markup.html.erb (0.5ms)
  Rendered /home/khushi/.rvm/gems/ruby-2.2.0/gems/web-console-2.1.2/lib/web_console/templates/style.css.erb within layouts/inlined_string (0.5ms)
  Rendered /home/khushi/.rvm/gems/ruby-2.2.0/gems/web-console-2.1.2/lib/web_console/templates/_inner_console_markup.html.erb within layouts/inlined_string (0.5ms)
  Rendered /home/khushi/.rvm/gems/ruby-2.2.0/gems/web-console-2.1.2/lib/web_console/templates/_prompt_box_markup.html.erb within layouts/inlined_string (0.4ms)
  Rendered /home/khushi/.rvm/gems/ruby-2.2.0/gems/web-console-2.1.2/lib/web_console/templates/console.js.erb within layouts/javascript (20.3ms)
  Rendered /home/khushi/.rvm/gems/ruby-2.2.0/gems/web-console-2.1.2/lib/web_console/templates/main.js.erb within layouts/javascript (0.4ms)
  Rendered /home/khushi/.rvm/gems/ruby-2.2.0/gems/web-console-2.1.2/lib/web_console/templates/error_page.js.erb within layouts/javascript (0.8ms)
  Rendered /home/khushi/.rvm/gems/ruby-2.2.0/gems/web-console-2.1.2/lib/web_console/templates/index.html.erb (43.5ms)


Started GET "/" for 127.0.0.1 at 2015-05-23 11:01:18 +0530
  [1m[36mActiveRecord::SchemaMigration Load (0.2ms)[0m  [1mSELECT "schema_migrations".* FROM "schema_migrations"[0m
Processing by CountriesController#index as HTML
  [1m[35mCountry Load (0.2ms)[0m  SELECT "countries".* FROM "countries"
  Rendered countries/index.html.erb within layouts/application (16.0ms)
Completed 200 OK in 1592ms (Views: 1562.0ms | ActiveRecord: 0.3ms)


Started GET "/assets/cities.self-e3b0c44298fc1c149afbf4c8996fb92427ae41e4649b934ca495991b7852b855.css?body=1" for 127.0.0.1 at 2015-05-23 11:01:20 +0530


Started GET "/assets/countries.self-e3b0c44298fc1c149afbf4c8996fb92427ae41e4649b934ca495991b7852b855.css?body=1" for 127.0.0.1 at 2015-05-23 11:01:20 +0530


Started GET "/assets/scaffolds.self-90984c292054ea3f81df159c4681ea77ed43bac92e4ffd07bde5e957ba723177.css?body=1" for 127.0.0.1 at 2015-05-23 11:01:20 +0530


Started GET "/assets/jquery_ujs.self-8e98a7a072a6cee1372d19fff9ff3e6aa1e39a37d89d6f06861637d061113ee7.js?body=1" for 127.0.0.1 at 2015-05-23 11:01:21 +0530


Started GET "/assets/states.self-e3b0c44298fc1c149afbf4c8996fb92427ae41e4649b934ca495991b7852b855.css?body=1" for 127.0.0.1 at 2015-05-23 11:01:21 +0530


Started GET "/assets/application.self-e80e8f2318043e8af94dddc2adad5a4f09739a8ebb323b3ab31cd71d45fd9113.css?body=1" for 127.0.0.1 at 2015-05-23 11:01:21 +0530


Started GET "/assets/jquery.self-d03a5518f45df77341bdbe6201ba3bfa547ebba8ed64f0ea56bfa5f96ea7c074.js?body=1" for 127.0.0.1 at 2015-05-23 11:01:21 +0530


Started GET "/assets/turbolinks.self-c37727e9bd6b2735da5c311aa83fead54ed0be6cc8bd9a65309e9c5abe2cbfff.js?body=1" for 127.0.0.1 at 2015-05-23 11:01:21 +0530


Started GET "/assets/cities.self-19a187bec6cdb96d6de80a61c16c857c613536adf9138476bd367db38d282635.js?body=1" for 127.0.0.1 at 2015-05-23 11:01:21 +0530


Started GET "/assets/countries.self-19a187bec6cdb96d6de80a61c16c857c613536adf9138476bd367db38d282635.js?body=1" for 127.0.0.1 at 2015-05-23 11:01:21 +0530


Started GET "/assets/states.self-19a187bec6cdb96d6de80a61c16c857c613536adf9138476bd367db38d282635.js?body=1" for 127.0.0.1 at 2015-05-23 11:01:21 +0530


Started GET "/assets/application.self-3b8dabdc891efe46b9a144b400ad69e37d7e5876bdc39dee783419a69d7ca819.js?body=1" for 127.0.0.1 at 2015-05-23 11:01:21 +0530


Started GET "/countries/new" for 127.0.0.1 at 2015-05-23 11:01:33 +0530
Processing by CountriesController#new as HTML
  Rendered countries/_form.html.erb (92.3ms)
  Rendered countries/new.html.erb within layouts/application (115.1ms)
Completed 200 OK in 207ms (Views: 196.8ms | ActiveRecord: 0.3ms)


Started POST "/countries" for 127.0.0.1 at 2015-05-23 11:01:47 +0530
Processing by CountriesController#create as HTML
  Parameters: {"utf8"=>"✓", "authenticity_token"=>"YPGc1AfzZD9YeaU8xGT9OfWXeVQSpzz06IevdwUFKaHZBq3FMnmY498aLMSuGClCBBe1f69l1bOWWA/aKnYtoA==", "country"=>{"name"=>"india", "description"=>"diversity"}, "commit"=>"Create Country"}
  [1m[36m (0.1ms)[0m  [1mbegin transaction[0m
  [1m[35mSQL (44.8ms)[0m  INSERT INTO "countries" ("name", "description", "created_at", "updated_at") VALUES (?, ?, ?, ?)  [["name", "india"], ["description", "diversity"], ["created_at", "2015-05-23 05:31:47.934689"], ["updated_at", "2015-05-23 05:31:47.934689"]]
  [1m[36m (364.0ms)[0m  [1mcommit transaction[0m
Redirected to http://localhost:3000/countries/1
Completed 302 Found in 442ms (ActiveRecord: 408.9ms)


Started GET "/countries/1" for 127.0.0.1 at 2015-05-23 11:01:48 +0530
Processing by CountriesController#show as HTML
  Parameters: {"id"=>"1"}
  [1m[35mCountry Load (0.3ms)[0m  SELECT  "countries".* FROM "countries" WHERE "countries"."id" = ? LIMIT 1  [["id", 1]]
  Rendered countries/show.html.erb within layouts/application (1.4ms)
Completed 200 OK in 174ms (Views: 75.0ms | ActiveRecord: 0.3ms)


Started GET "/countries" for 127.0.0.1 at 2015-05-23 11:01:51 +0530
Processing by CountriesController#index as HTML
  [1m[36mCountry Load (0.2ms)[0m  [1mSELECT "countries".* FROM "countries"[0m
  Rendered countries/index.html.erb within layouts/application (2.3ms)
Completed 200 OK in 78ms (Views: 76.6ms | ActiveRecord: 0.2ms)


Started GET "/countries" for 127.0.0.1 at 2015-05-23 17:25:28 +0530

SyntaxError (/home/khushi/projects/association_task/config/routes.rb:11: unknown regexp options - ct
/home/khushi/projects/association_task/config/routes.rb:11: syntax error, unexpected ':', expecting keyword_end
   get /cities :cities#index
                ^):
  config/routes.rb:11: unknown regexp options - ct
  config/routes.rb:11: syntax error, unexpected ':', expecting keyword_end


  Rendered /home/khushi/.rvm/gems/ruby-2.2.0/gems/actionpack-4.2.1/lib/action_dispatch/middleware/templates/rescues/_source.erb (434.5ms)
  Rendered /home/khushi/.rvm/gems/ruby-2.2.0/gems/actionpack-4.2.1/lib/action_dispatch/middleware/templates/rescues/_trace.html.erb (567.6ms)
  Rendered /home/khushi/.rvm/gems/ruby-2.2.0/gems/actionpack-4.2.1/lib/action_dispatch/middleware/templates/rescues/_request_and_response.html.erb (574.6ms)
  Rendered /home/khushi/.rvm/gems/ruby-2.2.0/gems/actionpack-4.2.1/lib/action_dispatch/middleware/templates/rescues/diagnostics.html.erb within rescues/layout (3041.7ms)
  Rendered /home/khushi/.rvm/gems/ruby-2.2.0/gems/web-console-2.1.2/lib/web_console/templates/_markup.html.erb (118.8ms)
  Rendered /home/khushi/.rvm/gems/ruby-2.2.0/gems/web-console-2.1.2/lib/web_console/templates/style.css.erb within layouts/inlined_string (38.3ms)
  Rendered /home/khushi/.rvm/gems/ruby-2.2.0/gems/web-console-2.1.2/lib/web_console/templates/_inner_console_markup.html.erb within layouts/inlined_string (87.6ms)
  Rendered /home/khushi/.rvm/gems/ruby-2.2.0/gems/web-console-2.1.2/lib/web_console/templates/_prompt_box_markup.html.erb within layouts/inlined_string (42.6ms)
  Rendered /home/khushi/.rvm/gems/ruby-2.2.0/gems/web-console-2.1.2/lib/web_console/templates/console.js.erb within layouts/javascript (842.9ms)
  Rendered /home/khushi/.rvm/gems/ruby-2.2.0/gems/web-console-2.1.2/lib/web_console/templates/main.js.erb within layouts/javascript (68.9ms)
  Rendered /home/khushi/.rvm/gems/ruby-2.2.0/gems/web-console-2.1.2/lib/web_console/templates/error_page.js.erb within layouts/javascript (72.4ms)
  Rendered /home/khushi/.rvm/gems/ruby-2.2.0/gems/web-console-2.1.2/lib/web_console/templates/index.html.erb (1601.9ms)


Started GET "/countries" for 127.0.0.1 at 2015-05-23 17:27:47 +0530
Processing by CountriesController#index as HTML
  [1m[35mCountry Load (138.7ms)[0m  SELECT "countries".* FROM "countries"
  Rendered countries/index.html.erb within layouts/application (1296.3ms)
Completed 200 OK in 6762ms (Views: 4378.7ms | ActiveRecord: 139.4ms)


Started GET "/assets/cities.self-e3b0c44298fc1c149afbf4c8996fb92427ae41e4649b934ca495991b7852b855.css?body=1" for 127.0.0.1 at 2015-05-23 17:28:01 +0530


Started GET "/assets/scaffolds.self-90984c292054ea3f81df159c4681ea77ed43bac92e4ffd07bde5e957ba723177.css?body=1" for 127.0.0.1 at 2015-05-23 17:28:01 +0530


Started GET "/assets/countries.self-e3b0c44298fc1c149afbf4c8996fb92427ae41e4649b934ca495991b7852b855.css?body=1" for 127.0.0.1 at 2015-05-23 17:28:01 +0530


Started GET "/assets/states.self-e3b0c44298fc1c149afbf4c8996fb92427ae41e4649b934ca495991b7852b855.css?body=1" for 127.0.0.1 at 2015-05-23 17:28:01 +0530


Started GET "/assets/application.self-e80e8f2318043e8af94dddc2adad5a4f09739a8ebb323b3ab31cd71d45fd9113.css?body=1" for 127.0.0.1 at 2015-05-23 17:28:01 +0530


Started GET "/assets/jquery_ujs.self-8e98a7a072a6cee1372d19fff9ff3e6aa1e39a37d89d6f06861637d061113ee7.js?body=1" for 127.0.0.1 at 2015-05-23 17:28:02 +0530


Started GET "/assets/jquery.self-d03a5518f45df77341bdbe6201ba3bfa547ebba8ed64f0ea56bfa5f96ea7c074.js?body=1" for 127.0.0.1 at 2015-05-23 17:28:02 +0530


Started GET "/assets/turbolinks.self-c37727e9bd6b2735da5c311aa83fead54ed0be6cc8bd9a65309e9c5abe2cbfff.js?body=1" for 127.0.0.1 at 2015-05-23 17:28:02 +0530


Started GET "/assets/cities.self-19a187bec6cdb96d6de80a61c16c857c613536adf9138476bd367db38d282635.js?body=1" for 127.0.0.1 at 2015-05-23 17:28:02 +0530


Started GET "/assets/application.self-3b8dabdc891efe46b9a144b400ad69e37d7e5876bdc39dee783419a69d7ca819.js?body=1" for 127.0.0.1 at 2015-05-23 17:28:02 +0530


Started GET "/assets/countries.self-19a187bec6cdb96d6de80a61c16c857c613536adf9138476bd367db38d282635.js?body=1" for 127.0.0.1 at 2015-05-23 17:28:02 +0530


Started GET "/assets/states.self-19a187bec6cdb96d6de80a61c16c857c613536adf9138476bd367db38d282635.js?body=1" for 127.0.0.1 at 2015-05-23 17:28:02 +0530


Started GET "/countries/new" for 127.0.0.1 at 2015-05-23 17:28:08 +0530
Processing by CountriesController#new as HTML
  Rendered countries/_form.html.erb (252.0ms)
  Rendered countries/new.html.erb within layouts/application (269.0ms)
Completed 200 OK in 1237ms (Views: 1224.4ms | ActiveRecord: 0.0ms)


Started POST "/countries" for 127.0.0.1 at 2015-05-23 17:28:28 +0530
Processing by CountriesController#create as HTML
  Parameters: {"utf8"=>"✓", "authenticity_token"=>"cVtXUYd19xDpIKfBGtt6eZA7fKxFK727mD/mOiTsPznIrGZAsv8LzG5DLjlwp64CYbuwh/jpVPzm4EaXC587OA==", "country"=>{"name"=>"pak", "description"=>"religion"}, "commit"=>"Create Country"}
  [1m[36m (29.5ms)[0m  [1mbegin transaction[0m
  [1m[35mSQL (0.4ms)[0m  INSERT INTO "countries" ("name", "description", "created_at", "updated_at") VALUES (?, ?, ?, ?)  [["name", "pak"], ["description", "religion"], ["created_at", "2015-05-23 11:58:28.934437"], ["updated_at", "2015-05-23 11:58:28.934437"]]
  [1m[36m (120.2ms)[0m  [1mcommit transaction[0m
Redirected to http://localhost:3000/countries/2
Completed 302 Found in 1250ms (ActiveRecord: 150.1ms)


Started GET "/countries/2" for 127.0.0.1 at 2015-05-23 17:28:29 +0530
Processing by CountriesController#show as HTML
  Parameters: {"id"=>"2"}
  [1m[35mCountry Load (0.3ms)[0m  SELECT  "countries".* FROM "countries" WHERE "countries"."id" = ? LIMIT 1  [["id", 2]]
  Rendered countries/show.html.erb within layouts/application (1.0ms)
Completed 200 OK in 296ms (Views: 103.3ms | ActiveRecord: 0.3ms)


Started GET "/countries" for 127.0.0.1 at 2015-05-23 17:28:32 +0530
Processing by CountriesController#index as HTML
  [1m[36mCountry Load (0.3ms)[0m  [1mSELECT "countries".* FROM "countries"[0m
  Rendered countries/index.html.erb within layouts/application (48.1ms)
Completed 200 OK in 112ms (Views: 111.3ms | ActiveRecord: 0.3ms)


Started GET "/countries" for 127.0.0.1 at 2015-05-23 17:41:23 +0530
Processing by CountriesController#index as HTML
  [1m[35mCountry Load (0.2ms)[0m  SELECT "countries".* FROM "countries"
  Rendered countries/index.html.erb within layouts/application (2.6ms)
Completed 200 OK in 124ms (Views: 122.8ms | ActiveRecord: 0.2ms)


Started GET "/assets/cities.self-e3b0c44298fc1c149afbf4c8996fb92427ae41e4649b934ca495991b7852b855.css?body=1" for 127.0.0.1 at 2015-05-23 17:41:23 +0530


Started GET "/assets/countries.self-e3b0c44298fc1c149afbf4c8996fb92427ae41e4649b934ca495991b7852b855.css?body=1" for 127.0.0.1 at 2015-05-23 17:41:23 +0530


Started GET "/assets/application.self-e80e8f2318043e8af94dddc2adad5a4f09739a8ebb323b3ab31cd71d45fd9113.css?body=1" for 127.0.0.1 at 2015-05-23 17:41:23 +0530


Started GET "/assets/jquery_ujs.self-8e98a7a072a6cee1372d19fff9ff3e6aa1e39a37d89d6f06861637d061113ee7.js?body=1" for 127.0.0.1 at 2015-05-23 17:41:23 +0530


Started GET "/assets/states.self-e3b0c44298fc1c149afbf4c8996fb92427ae41e4649b934ca495991b7852b855.css?body=1" for 127.0.0.1 at 2015-05-23 17:41:23 +0530


Started GET "/assets/jquery.self-d03a5518f45df77341bdbe6201ba3bfa547ebba8ed64f0ea56bfa5f96ea7c074.js?body=1" for 127.0.0.1 at 2015-05-23 17:41:23 +0530


Started GET "/assets/scaffolds.self-90984c292054ea3f81df159c4681ea77ed43bac92e4ffd07bde5e957ba723177.css?body=1" for 127.0.0.1 at 2015-05-23 17:41:23 +0530


Started GET "/assets/turbolinks.self-c37727e9bd6b2735da5c311aa83fead54ed0be6cc8bd9a65309e9c5abe2cbfff.js?body=1" for 127.0.0.1 at 2015-05-23 17:41:23 +0530


Started GET "/assets/cities.self-19a187bec6cdb96d6de80a61c16c857c613536adf9138476bd367db38d282635.js?body=1" for 127.0.0.1 at 2015-05-23 17:41:23 +0530


Started GET "/assets/countries.self-19a187bec6cdb96d6de80a61c16c857c613536adf9138476bd367db38d282635.js?body=1" for 127.0.0.1 at 2015-05-23 17:41:23 +0530


Started GET "/assets/states.self-19a187bec6cdb96d6de80a61c16c857c613536adf9138476bd367db38d282635.js?body=1" for 127.0.0.1 at 2015-05-23 17:41:23 +0530


Started GET "/assets/application.self-3b8dabdc891efe46b9a144b400ad69e37d7e5876bdc39dee783419a69d7ca819.js?body=1" for 127.0.0.1 at 2015-05-23 17:41:23 +0530


Started GET "/states/new" for 127.0.0.1 at 2015-05-23 17:41:35 +0530
Processing by StatesController#new as HTML
  Rendered states/_form.html.erb (176.7ms)
  Rendered states/new.html.erb within layouts/application (237.1ms)
Completed 200 OK in 852ms (Views: 327.8ms | ActiveRecord: 0.3ms)


Started GET "/states/new" for 127.0.0.1 at 2015-05-23 17:46:00 +0530
Processing by StatesController#new as HTML
  Rendered states/_form.html.erb (98.9ms)
  Rendered states/new.html.erb within layouts/application (99.7ms)
Completed 500 Internal Server Error in 108ms (ActiveRecord: 0.0ms)

ActionView::Template::Error (undefined method `country_name' for #<State:0x007fc455c28690>):
    17:   </div>
    18:   <div class="field">
    19:     <%= f.label :country_name %><br>
    20:     <%= f.text_field :country_name %>
    21:   </div>
    22:   <div class="field">
    23:     <%= f.label :description %><br>
  app/views/states/_form.html.erb:20:in `block in _app_views_states__form_html_erb__811868683569090957_70240615569540'
  app/views/states/_form.html.erb:1:in `_app_views_states__form_html_erb__811868683569090957_70240615569540'
  app/views/states/new.html.erb:3:in `_app_views_states_new_html_erb__1057509969132023357_70240616060720'


  Rendered /home/khushi/.rvm/gems/ruby-2.2.0/gems/actionpack-4.2.1/lib/action_dispatch/middleware/templates/rescues/_source.erb (22.8ms)
  Rendered /home/khushi/.rvm/gems/ruby-2.2.0/gems/actionpack-4.2.1/lib/action_dispatch/middleware/templates/rescues/_trace.html.erb (14.4ms)
  Rendered /home/khushi/.rvm/gems/ruby-2.2.0/gems/actionpack-4.2.1/lib/action_dispatch/middleware/templates/rescues/_request_and_response.html.erb (8.9ms)
  Rendered /home/khushi/.rvm/gems/ruby-2.2.0/gems/actionpack-4.2.1/lib/action_dispatch/middleware/templates/rescues/template_error.html.erb within rescues/layout (366.5ms)
  Rendered /home/khushi/.rvm/gems/ruby-2.2.0/gems/web-console-2.1.2/lib/web_console/templates/_markup.html.erb (6.2ms)
  Rendered /home/khushi/.rvm/gems/ruby-2.2.0/gems/web-console-2.1.2/lib/web_console/templates/style.css.erb within layouts/inlined_string (0.5ms)
  Rendered /home/khushi/.rvm/gems/ruby-2.2.0/gems/web-console-2.1.2/lib/web_console/templates/_inner_console_markup.html.erb within layouts/inlined_string (0.6ms)
  Rendered /home/khushi/.rvm/gems/ruby-2.2.0/gems/web-console-2.1.2/lib/web_console/templates/_prompt_box_markup.html.erb within layouts/inlined_string (18.8ms)
  Rendered /home/khushi/.rvm/gems/ruby-2.2.0/gems/web-console-2.1.2/lib/web_console/templates/console.js.erb within layouts/javascript (63.2ms)
  Rendered /home/khushi/.rvm/gems/ruby-2.2.0/gems/web-console-2.1.2/lib/web_console/templates/main.js.erb within layouts/javascript (0.6ms)
  Rendered /home/khushi/.rvm/gems/ruby-2.2.0/gems/web-console-2.1.2/lib/web_console/templates/error_page.js.erb within layouts/javascript (6.5ms)
  Rendered /home/khushi/.rvm/gems/ruby-2.2.0/gems/web-console-2.1.2/lib/web_console/templates/index.html.erb (114.9ms)


Started GET "/states/new" for 127.0.0.1 at 2015-05-23 17:46:43 +0530
Processing by StatesController#new as HTML
  Rendered states/_form.html.erb (3.5ms)
  Rendered states/new.html.erb within layouts/application (4.3ms)
Completed 500 Internal Server Error in 7ms (ActiveRecord: 0.0ms)

ActionView::Template::Error (undefined method `country_name' for #<State:0x007fc456ab09b0>):
    17:   </div>
    18:   <div class="field">
    19:     <%= f.label :country_name %><br>
    20:     <%= f.text_field :country_name %>
    21:   </div>
    22:   <div class="field">
    23:     <%= f.label :description %><br>
  app/views/states/_form.html.erb:20:in `block in _app_views_states__form_html_erb__811868683569090957_70240615569540'
  app/views/states/_form.html.erb:1:in `_app_views_states__form_html_erb__811868683569090957_70240615569540'
  app/views/states/new.html.erb:3:in `_app_views_states_new_html_erb__1057509969132023357_70240616060720'


  Rendered /home/khushi/.rvm/gems/ruby-2.2.0/gems/actionpack-4.2.1/lib/action_dispatch/middleware/templates/rescues/_source.erb (27.0ms)
  Rendered /home/khushi/.rvm/gems/ruby-2.2.0/gems/actionpack-4.2.1/lib/action_dispatch/middleware/templates/rescues/_trace.html.erb (4.4ms)
  Rendered /home/khushi/.rvm/gems/ruby-2.2.0/gems/actionpack-4.2.1/lib/action_dispatch/middleware/templates/rescues/_request_and_response.html.erb (33.9ms)
  Rendered /home/khushi/.rvm/gems/ruby-2.2.0/gems/actionpack-4.2.1/lib/action_dispatch/middleware/templates/rescues/template_error.html.erb within rescues/layout (97.2ms)
  Rendered /home/khushi/.rvm/gems/ruby-2.2.0/gems/web-console-2.1.2/lib/web_console/templates/_markup.html.erb (0.5ms)
  Rendered /home/khushi/.rvm/gems/ruby-2.2.0/gems/web-console-2.1.2/lib/web_console/templates/style.css.erb within layouts/inlined_string (0.4ms)
  Rendered /home/khushi/.rvm/gems/ruby-2.2.0/gems/web-console-2.1.2/lib/web_console/templates/_inner_console_markup.html.erb within layouts/inlined_string (0.4ms)
  Rendered /home/khushi/.rvm/gems/ruby-2.2.0/gems/web-console-2.1.2/lib/web_console/templates/_prompt_box_markup.html.erb within layouts/inlined_string (6.8ms)
  Rendered /home/khushi/.rvm/gems/ruby-2.2.0/gems/web-console-2.1.2/lib/web_console/templates/console.js.erb within layouts/javascript (46.5ms)
  Rendered /home/khushi/.rvm/gems/ruby-2.2.0/gems/web-console-2.1.2/lib/web_console/templates/main.js.erb within layouts/javascript (0.6ms)
  Rendered /home/khushi/.rvm/gems/ruby-2.2.0/gems/web-console-2.1.2/lib/web_console/templates/error_page.js.erb within layouts/javascript (14.1ms)
  Rendered /home/khushi/.rvm/gems/ruby-2.2.0/gems/web-console-2.1.2/lib/web_console/templates/index.html.erb (108.5ms)


Started GET "/states/new" for 127.0.0.1 at 2015-05-23 17:50:33 +0530
Processing by StatesController#new as HTML
  Rendered states/_form.html.erb (21.1ms)
  Rendered states/new.html.erb within layouts/application (22.0ms)
Completed 500 Internal Server Error in 25ms (ActiveRecord: 0.0ms)

ActionView::Template::Error (undefined method `country' for :state:Symbol):
    16:     <%= f.text_field :name %>
    17:   </div>
    18:   <div class="field">
    19:     <%= f.label :state.country.name %><br>
    20:     <%= f.text_field :state.country.name %>
    21:   </div>
    22:   <div class="field">
  app/views/states/_form.html.erb:19:in `block in _app_views_states__form_html_erb__811868683569090957_70240622182680'
  app/views/states/_form.html.erb:1:in `_app_views_states__form_html_erb__811868683569090957_70240622182680'
  app/views/states/new.html.erb:3:in `_app_views_states_new_html_erb__1057509969132023357_70240616060720'


  Rendered /home/khushi/.rvm/gems/ruby-2.2.0/gems/actionpack-4.2.1/lib/action_dispatch/middleware/templates/rescues/_source.erb (18.9ms)
  Rendered /home/khushi/.rvm/gems/ruby-2.2.0/gems/actionpack-4.2.1/lib/action_dispatch/middleware/templates/rescues/_trace.html.erb (13.6ms)
  Rendered /home/khushi/.rvm/gems/ruby-2.2.0/gems/actionpack-4.2.1/lib/action_dispatch/middleware/templates/rescues/_request_and_response.html.erb (1.3ms)
  Rendered /home/khushi/.rvm/gems/ruby-2.2.0/gems/actionpack-4.2.1/lib/action_dispatch/middleware/templates/rescues/template_error.html.erb within rescues/layout (52.6ms)
  Rendered /home/khushi/.rvm/gems/ruby-2.2.0/gems/web-console-2.1.2/lib/web_console/templates/_markup.html.erb (0.5ms)
  Rendered /home/khushi/.rvm/gems/ruby-2.2.0/gems/web-console-2.1.2/lib/web_console/templates/style.css.erb within layouts/inlined_string (0.5ms)
  Rendered /home/khushi/.rvm/gems/ruby-2.2.0/gems/web-console-2.1.2/lib/web_console/templates/_inner_console_markup.html.erb within layouts/inlined_string (14.0ms)
  Rendered /home/khushi/.rvm/gems/ruby-2.2.0/gems/web-console-2.1.2/lib/web_console/templates/_prompt_box_markup.html.erb within layouts/inlined_string (0.4ms)
  Rendered /home/khushi/.rvm/gems/ruby-2.2.0/gems/web-console-2.1.2/lib/web_console/templates/console.js.erb within layouts/javascript (36.0ms)
  Rendered /home/khushi/.rvm/gems/ruby-2.2.0/gems/web-console-2.1.2/lib/web_console/templates/main.js.erb within layouts/javascript (13.3ms)
  Rendered /home/khushi/.rvm/gems/ruby-2.2.0/gems/web-console-2.1.2/lib/web_console/templates/error_page.js.erb within layouts/javascript (7.5ms)
  Rendered /home/khushi/.rvm/gems/ruby-2.2.0/gems/web-console-2.1.2/lib/web_console/templates/index.html.erb (85.3ms)
  [1m[36mCountry Load (0.3ms)[0m  [1mSELECT  "countries".* FROM "countries" WHERE "countries"."id" = ? LIMIT 1[0m  [["id", 1]]


Started GET "/states/new" for 127.0.0.1 at 2015-05-23 18:25:45 +0530
  [1m[36mActiveRecord::SchemaMigration Load (0.2ms)[0m  [1mSELECT "schema_migrations".* FROM "schema_migrations"[0m
Processing by StatesController#new as HTML
  Rendered states/_form.html.erb (244.8ms)
  Rendered states/new.html.erb within layouts/application (271.0ms)
Completed 500 Internal Server Error in 412ms (ActiveRecord: 0.4ms)

ActionView::Template::Error (undefined method `country' for :state:Symbol):
    16:     <%= f.text_field :name %>
    17:   </div>
    18:   <div class="field">
    19:     <%= f.label :state.country.name %><br>
    20:     <%= f.text_field :state.country.name %>
    21:   </div>
    22:   <div class="field">
  app/views/states/_form.html.erb:19:in `block in _app_views_states__form_html_erb___4206608807551832232_38482840'
  app/views/states/_form.html.erb:1:in `_app_views_states__form_html_erb___4206608807551832232_38482840'
  app/views/states/new.html.erb:3:in `_app_views_states_new_html_erb___1233515673459851694_38799800'


  Rendered /home/khushi/.rvm/gems/ruby-2.2.0/gems/actionpack-4.2.1/lib/action_dispatch/middleware/templates/rescues/_source.erb (12.2ms)
  Rendered /home/khushi/.rvm/gems/ruby-2.2.0/gems/actionpack-4.2.1/lib/action_dispatch/middleware/templates/rescues/_trace.html.erb (5.4ms)
  Rendered /home/khushi/.rvm/gems/ruby-2.2.0/gems/actionpack-4.2.1/lib/action_dispatch/middleware/templates/rescues/_request_and_response.html.erb (1.9ms)
  Rendered /home/khushi/.rvm/gems/ruby-2.2.0/gems/actionpack-4.2.1/lib/action_dispatch/middleware/templates/rescues/template_error.html.erb within rescues/layout (40.0ms)
  Rendered /home/khushi/.rvm/gems/ruby-2.2.0/gems/web-console-2.1.2/lib/web_console/templates/_markup.html.erb (0.5ms)
  Rendered /home/khushi/.rvm/gems/ruby-2.2.0/gems/web-console-2.1.2/lib/web_console/templates/style.css.erb within layouts/inlined_string (0.5ms)
  Rendered /home/khushi/.rvm/gems/ruby-2.2.0/gems/web-console-2.1.2/lib/web_console/templates/_inner_console_markup.html.erb within layouts/inlined_string (0.4ms)
  Rendered /home/khushi/.rvm/gems/ruby-2.2.0/gems/web-console-2.1.2/lib/web_console/templates/_prompt_box_markup.html.erb within layouts/inlined_string (0.4ms)
  Rendered /home/khushi/.rvm/gems/ruby-2.2.0/gems/web-console-2.1.2/lib/web_console/templates/console.js.erb within layouts/javascript (25.9ms)
  Rendered /home/khushi/.rvm/gems/ruby-2.2.0/gems/web-console-2.1.2/lib/web_console/templates/main.js.erb within layouts/javascript (0.7ms)
  Rendered /home/khushi/.rvm/gems/ruby-2.2.0/gems/web-console-2.1.2/lib/web_console/templates/error_page.js.erb within layouts/javascript (0.7ms)
  Rendered /home/khushi/.rvm/gems/ruby-2.2.0/gems/web-console-2.1.2/lib/web_console/templates/index.html.erb (52.4ms)


Started GET "/states/new" for 127.0.0.1 at 2015-05-23 18:30:01 +0530
Processing by StatesController#new as HTML
  Rendered states/_form.html.erb (3.0ms)
  Rendered states/new.html.erb within layouts/application (3.8ms)
Completed 500 Internal Server Error in 6ms (ActiveRecord: 0.0ms)

ActionView::Template::Error (undefined method `country' for :state:Symbol):
    16:     <%= f.text_field :name %>
    17:   </div>
    18:   <div class="field">
    19:     <%= f.label :state.country.name %><br>
    20:     <%= f.text_field :state.country.name %>
    21:   </div>
    22:   <div class="field">
  app/views/states/_form.html.erb:19:in `block in _app_views_states__form_html_erb___4206608807551832232_38482840'
  app/views/states/_form.html.erb:1:in `_app_views_states__form_html_erb___4206608807551832232_38482840'
  app/views/states/new.html.erb:3:in `_app_views_states_new_html_erb___1233515673459851694_38799800'


  Rendered /home/khushi/.rvm/gems/ruby-2.2.0/gems/actionpack-4.2.1/lib/action_dispatch/middleware/templates/rescues/_source.erb (11.7ms)
  Rendered /home/khushi/.rvm/gems/ruby-2.2.0/gems/actionpack-4.2.1/lib/action_dispatch/middleware/templates/rescues/_trace.html.erb (5.4ms)
  Rendered /home/khushi/.rvm/gems/ruby-2.2.0/gems/actionpack-4.2.1/lib/action_dispatch/middleware/templates/rescues/_request_and_response.html.erb (1.3ms)
  Rendered /home/khushi/.rvm/gems/ruby-2.2.0/gems/actionpack-4.2.1/lib/action_dispatch/middleware/templates/rescues/template_error.html.erb within rescues/layout (37.3ms)
  Rendered /home/khushi/.rvm/gems/ruby-2.2.0/gems/web-console-2.1.2/lib/web_console/templates/_markup.html.erb (0.9ms)
  Rendered /home/khushi/.rvm/gems/ruby-2.2.0/gems/web-console-2.1.2/lib/web_console/templates/style.css.erb within layouts/inlined_string (0.5ms)
  Rendered /home/khushi/.rvm/gems/ruby-2.2.0/gems/web-console-2.1.2/lib/web_console/templates/_inner_console_markup.html.erb within layouts/inlined_string (0.4ms)
  Rendered /home/khushi/.rvm/gems/ruby-2.2.0/gems/web-console-2.1.2/lib/web_console/templates/_prompt_box_markup.html.erb within layouts/inlined_string (0.3ms)
  Rendered /home/khushi/.rvm/gems/ruby-2.2.0/gems/web-console-2.1.2/lib/web_console/templates/console.js.erb within layouts/javascript (21.4ms)
  Rendered /home/khushi/.rvm/gems/ruby-2.2.0/gems/web-console-2.1.2/lib/web_console/templates/main.js.erb within layouts/javascript (0.3ms)
  Rendered /home/khushi/.rvm/gems/ruby-2.2.0/gems/web-console-2.1.2/lib/web_console/templates/error_page.js.erb within layouts/javascript (0.6ms)
  Rendered /home/khushi/.rvm/gems/ruby-2.2.0/gems/web-console-2.1.2/lib/web_console/templates/index.html.erb (46.2ms)


Started GET "/states/new" for 127.0.0.1 at 2015-05-23 19:25:20 +0530
Processing by StatesController#new as HTML
  Rendered states/_form.html.erb (11262.3ms)
  Rendered states/new.html.erb within layouts/application (11408.1ms)
Completed 500 Internal Server Error in 13979ms (ActiveRecord: 0.0ms)

ActionView::Template::Error (undefined local variable or method `country' for #<#<Class:0x00000004a67da0>:0x00000004505808>):
    18:   <div class="field">
    19:     <%= f.label :country_id %><br>
    20:     <!--<%= f.number_field :country_id %>-->
    21:     <%= collection_select(:state, :state_id, country.all, :id, :name, prompt: true) %>
    22:   </div>
    23:   <div class="field">
    24:     <%= f.label :description %><br>
  app/views/states/_form.html.erb:21:in `block in _app_views_states__form_html_erb___4206608807551832232_36136240'
  app/views/states/_form.html.erb:1:in `_app_views_states__form_html_erb___4206608807551832232_36136240'
  app/views/states/new.html.erb:3:in `_app_views_states_new_html_erb___1233515673459851694_38799800'


  Rendered /home/khushi/.rvm/gems/ruby-2.2.0/gems/actionpack-4.2.1/lib/action_dispatch/middleware/templates/rescues/_source.erb (43.3ms)
  Rendered /home/khushi/.rvm/gems/ruby-2.2.0/gems/actionpack-4.2.1/lib/action_dispatch/middleware/templates/rescues/_trace.html.erb (65.5ms)
  Rendered /home/khushi/.rvm/gems/ruby-2.2.0/gems/actionpack-4.2.1/lib/action_dispatch/middleware/templates/rescues/_request_and_response.html.erb (78.5ms)
  Rendered /home/khushi/.rvm/gems/ruby-2.2.0/gems/actionpack-4.2.1/lib/action_dispatch/middleware/templates/rescues/template_error.html.erb within rescues/layout (321.7ms)
  Rendered /home/khushi/.rvm/gems/ruby-2.2.0/gems/web-console-2.1.2/lib/web_console/templates/_markup.html.erb (12.5ms)
  Rendered /home/khushi/.rvm/gems/ruby-2.2.0/gems/web-console-2.1.2/lib/web_console/templates/style.css.erb within layouts/inlined_string (6.0ms)
  Rendered /home/khushi/.rvm/gems/ruby-2.2.0/gems/web-console-2.1.2/lib/web_console/templates/_inner_console_markup.html.erb within layouts/inlined_string (0.5ms)
  Rendered /home/khushi/.rvm/gems/ruby-2.2.0/gems/web-console-2.1.2/lib/web_console/templates/_prompt_box_markup.html.erb within layouts/inlined_string (0.4ms)
  Rendered /home/khushi/.rvm/gems/ruby-2.2.0/gems/web-console-2.1.2/lib/web_console/templates/console.js.erb within layouts/javascript (42.1ms)
  Rendered /home/khushi/.rvm/gems/ruby-2.2.0/gems/web-console-2.1.2/lib/web_console/templates/main.js.erb within layouts/javascript (0.8ms)
  Rendered /home/khushi/.rvm/gems/ruby-2.2.0/gems/web-console-2.1.2/lib/web_console/templates/error_page.js.erb within layouts/javascript (0.8ms)
  Rendered /home/khushi/.rvm/gems/ruby-2.2.0/gems/web-console-2.1.2/lib/web_console/templates/index.html.erb (115.9ms)


Started GET "/states/new" for 127.0.0.1 at 2015-05-23 19:28:10 +0530
Processing by StatesController#new as HTML
  Rendered states/_form.html.erb (399.4ms)
  Rendered states/new.html.erb within layouts/application (400.2ms)
Completed 500 Internal Server Error in 403ms (ActiveRecord: 0.0ms)

ActionView::Template::Error (undefined method `state_id' for #<State:0x00000004e44a68>):
    18:   <div class="field">
    19:     <%= f.label :country_id %><br>
    20:     <!--<%= f.number_field :country_id %>-->
    21:     <%= collection_select(:state, :state_id, Country.all, :id, :name, prompt: true) %>
    22:   </div>
    23:   <div class="field">
    24:     <%= f.label :description %><br>
  app/views/states/_form.html.erb:21:in `block in _app_views_states__form_html_erb___4206608807551832232_40981820'
  app/views/states/_form.html.erb:1:in `_app_views_states__form_html_erb___4206608807551832232_40981820'
  app/views/states/new.html.erb:3:in `_app_views_states_new_html_erb___1233515673459851694_38799800'


  Rendered /home/khushi/.rvm/gems/ruby-2.2.0/gems/actionpack-4.2.1/lib/action_dispatch/middleware/templates/rescues/_source.erb (20.1ms)
  Rendered /home/khushi/.rvm/gems/ruby-2.2.0/gems/actionpack-4.2.1/lib/action_dispatch/middleware/templates/rescues/_trace.html.erb (27.0ms)
  Rendered /home/khushi/.rvm/gems/ruby-2.2.0/gems/actionpack-4.2.1/lib/action_dispatch/middleware/templates/rescues/_request_and_response.html.erb (1.3ms)
  Rendered /home/khushi/.rvm/gems/ruby-2.2.0/gems/actionpack-4.2.1/lib/action_dispatch/middleware/templates/rescues/template_error.html.erb within rescues/layout (82.7ms)
  Rendered /home/khushi/.rvm/gems/ruby-2.2.0/gems/web-console-2.1.2/lib/web_console/templates/_markup.html.erb (6.4ms)
  Rendered /home/khushi/.rvm/gems/ruby-2.2.0/gems/web-console-2.1.2/lib/web_console/templates/style.css.erb within layouts/inlined_string (0.4ms)
  Rendered /home/khushi/.rvm/gems/ruby-2.2.0/gems/web-console-2.1.2/lib/web_console/templates/_inner_console_markup.html.erb within layouts/inlined_string (14.5ms)
  Rendered /home/khushi/.rvm/gems/ruby-2.2.0/gems/web-console-2.1.2/lib/web_console/templates/_prompt_box_markup.html.erb within layouts/inlined_string (0.8ms)
  Rendered /home/khushi/.rvm/gems/ruby-2.2.0/gems/web-console-2.1.2/lib/web_console/templates/console.js.erb within layouts/javascript (51.7ms)
  Rendered /home/khushi/.rvm/gems/ruby-2.2.0/gems/web-console-2.1.2/lib/web_console/templates/main.js.erb within layouts/javascript (0.4ms)
  Rendered /home/khushi/.rvm/gems/ruby-2.2.0/gems/web-console-2.1.2/lib/web_console/templates/error_page.js.erb within layouts/javascript (0.6ms)
  Rendered /home/khushi/.rvm/gems/ruby-2.2.0/gems/web-console-2.1.2/lib/web_console/templates/index.html.erb (95.9ms)


Started GET "/states/new" for 127.0.0.1 at 2015-05-23 19:28:53 +0530
Processing by StatesController#new as HTML
  [1m[35mCountry Load (102.3ms)[0m  SELECT "countries".* FROM "countries"
  Rendered states/_form.html.erb (288.4ms)
  Rendered states/new.html.erb within layouts/application (289.3ms)
Completed 200 OK in 5895ms (Views: 5791.3ms | ActiveRecord: 102.7ms)


Started GET "/assets/countries.self-e3b0c44298fc1c149afbf4c8996fb92427ae41e4649b934ca495991b7852b855.css?body=1" for 127.0.0.1 at 2015-05-23 19:29:00 +0530


Started GET "/assets/cities.self-e3b0c44298fc1c149afbf4c8996fb92427ae41e4649b934ca495991b7852b855.css?body=1" for 127.0.0.1 at 2015-05-23 19:29:00 +0530


Started GET "/assets/scaffolds.self-90984c292054ea3f81df159c4681ea77ed43bac92e4ffd07bde5e957ba723177.css?body=1" for 127.0.0.1 at 2015-05-23 19:29:00 +0530


Started GET "/assets/states.self-e3b0c44298fc1c149afbf4c8996fb92427ae41e4649b934ca495991b7852b855.css?body=1" for 127.0.0.1 at 2015-05-23 19:29:00 +0530


Started GET "/assets/jquery.self-d03a5518f45df77341bdbe6201ba3bfa547ebba8ed64f0ea56bfa5f96ea7c074.js?body=1" for 127.0.0.1 at 2015-05-23 19:29:00 +0530


Started GET "/assets/application.self-e80e8f2318043e8af94dddc2adad5a4f09739a8ebb323b3ab31cd71d45fd9113.css?body=1" for 127.0.0.1 at 2015-05-23 19:29:00 +0530


Started GET "/assets/jquery_ujs.self-8e98a7a072a6cee1372d19fff9ff3e6aa1e39a37d89d6f06861637d061113ee7.js?body=1" for 127.0.0.1 at 2015-05-23 19:29:00 +0530


Started GET "/assets/turbolinks.self-c37727e9bd6b2735da5c311aa83fead54ed0be6cc8bd9a65309e9c5abe2cbfff.js?body=1" for 127.0.0.1 at 2015-05-23 19:29:00 +0530


Started GET "/assets/cities.self-19a187bec6cdb96d6de80a61c16c857c613536adf9138476bd367db38d282635.js?body=1" for 127.0.0.1 at 2015-05-23 19:29:00 +0530


Started GET "/assets/countries.self-19a187bec6cdb96d6de80a61c16c857c613536adf9138476bd367db38d282635.js?body=1" for 127.0.0.1 at 2015-05-23 19:29:00 +0530


Started GET "/assets/states.self-19a187bec6cdb96d6de80a61c16c857c613536adf9138476bd367db38d282635.js?body=1" for 127.0.0.1 at 2015-05-23 19:29:00 +0530


Started GET "/assets/application.self-3b8dabdc891efe46b9a144b400ad69e37d7e5876bdc39dee783419a69d7ca819.js?body=1" for 127.0.0.1 at 2015-05-23 19:29:00 +0530


Started POST "/states" for 127.0.0.1 at 2015-05-23 19:30:07 +0530
Processing by StatesController#create as HTML
  Parameters: {"utf8"=>"✓", "authenticity_token"=>"mCPqBGGdYvlXAU3AMdNVmrXBnEaHqhvp3i4vyxGsr3Mh1NsVVBeeJdBixDhbr4HhREFQbTpo8q6g8Y9mPt+rcg==", "state"=>{"name"=>"delhi", "country_id"=>"1", "description"=>"love resides"}, "commit"=>"Create State"}
  [1m[36m (0.1ms)[0m  [1mbegin transaction[0m
  [1m[35mSQL (243.3ms)[0m  INSERT INTO "states" ("name", "country_id", "description", "created_at", "updated_at") VALUES (?, ?, ?, ?, ?)  [["name", "delhi"], ["country_id", 1], ["description", "love resides"], ["created_at", "2015-05-23 14:00:07.053784"], ["updated_at", "2015-05-23 14:00:07.053784"]]
  [1m[36m (145.1ms)[0m  [1mcommit transaction[0m
Redirected to http://localhost:3000/states/1
Completed 302 Found in 513ms (ActiveRecord: 388.5ms)


Started GET "/states/1" for 127.0.0.1 at 2015-05-23 19:30:07 +0530
Processing by StatesController#show as HTML
  Parameters: {"id"=>"1"}
  [1m[35mState Load (0.2ms)[0m  SELECT  "states".* FROM "states" WHERE "states"."id" = ? LIMIT 1  [["id", 1]]
  Rendered states/show.html.erb within layouts/application (1.5ms)
Completed 200 OK in 113ms (Views: 64.3ms | ActiveRecord: 0.2ms)


Started GET "/states" for 127.0.0.1 at 2015-05-23 19:30:13 +0530
Processing by StatesController#index as HTML
  [1m[36mState Load (0.2ms)[0m  [1mSELECT "states".* FROM "states"[0m
  Rendered states/index.html.erb within layouts/application (21.3ms)
Completed 500 Internal Server Error in 39ms (ActiveRecord: 0.2ms)

ActionView::Template::Error (undefined method `country_name' for #<State:0x007f39a5b9be10>):
    16:     <% @states.each do |state| %>
    17:       <tr>
    18:         <td><%= state.name %></td>
    19:         <td><%= state.country_name %></td>
    20:         <td><%= state.description %></td>
    21:         <td><%= link_to 'Show', state %></td>
    22:         <td><%= link_to 'Edit', edit_state_path(state) %></td>
  app/views/states/index.html.erb:19:in `block in _app_views_states_index_html_erb__1416700612321332763_69942785126040'
  app/views/states/index.html.erb:16:in `_app_views_states_index_html_erb__1416700612321332763_69942785126040'


  Rendered /home/khushi/.rvm/gems/ruby-2.2.0/gems/actionpack-4.2.1/lib/action_dispatch/middleware/templates/rescues/_source.erb (10.3ms)
  Rendered /home/khushi/.rvm/gems/ruby-2.2.0/gems/actionpack-4.2.1/lib/action_dispatch/middleware/templates/rescues/_trace.html.erb (4.1ms)
  Rendered /home/khushi/.rvm/gems/ruby-2.2.0/gems/actionpack-4.2.1/lib/action_dispatch/middleware/templates/rescues/_request_and_response.html.erb (1.2ms)
  Rendered /home/khushi/.rvm/gems/ruby-2.2.0/gems/actionpack-4.2.1/lib/action_dispatch/middleware/templates/rescues/template_error.html.erb within rescues/layout (34.1ms)
  Rendered /home/khushi/.rvm/gems/ruby-2.2.0/gems/web-console-2.1.2/lib/web_console/templates/_markup.html.erb (0.6ms)
  Rendered /home/khushi/.rvm/gems/ruby-2.2.0/gems/web-console-2.1.2/lib/web_console/templates/style.css.erb within layouts/inlined_string (0.5ms)
  Rendered /home/khushi/.rvm/gems/ruby-2.2.0/gems/web-console-2.1.2/lib/web_console/templates/_inner_console_markup.html.erb within layouts/inlined_string (0.4ms)
  Rendered /home/khushi/.rvm/gems/ruby-2.2.0/gems/web-console-2.1.2/lib/web_console/templates/_prompt_box_markup.html.erb within layouts/inlined_string (0.3ms)
  Rendered /home/khushi/.rvm/gems/ruby-2.2.0/gems/web-console-2.1.2/lib/web_console/templates/console.js.erb within layouts/javascript (21.6ms)
  Rendered /home/khushi/.rvm/gems/ruby-2.2.0/gems/web-console-2.1.2/lib/web_console/templates/main.js.erb within layouts/javascript (0.3ms)
  Rendered /home/khushi/.rvm/gems/ruby-2.2.0/gems/web-console-2.1.2/lib/web_console/templates/error_page.js.erb within layouts/javascript (0.7ms)
  Rendered /home/khushi/.rvm/gems/ruby-2.2.0/gems/web-console-2.1.2/lib/web_console/templates/index.html.erb (44.2ms)


Started GET "/states" for 127.0.0.1 at 2015-05-23 19:30:13 +0530
Processing by StatesController#index as HTML
  [1m[35mState Load (0.2ms)[0m  SELECT "states".* FROM "states"
  Rendered states/index.html.erb within layouts/application (7.5ms)
Completed 500 Internal Server Error in 11ms (ActiveRecord: 0.2ms)

ActionView::Template::Error (undefined method `country_name' for #<State:0x00000004bc3c30>):
    16:     <% @states.each do |state| %>
    17:       <tr>
    18:         <td><%= state.name %></td>
    19:         <td><%= state.country_name %></td>
    20:         <td><%= state.description %></td>
    21:         <td><%= link_to 'Show', state %></td>
    22:         <td><%= link_to 'Edit', edit_state_path(state) %></td>
  app/views/states/index.html.erb:19:in `block in _app_views_states_index_html_erb__1416700612321332763_69942576908440'
  app/views/states/index.html.erb:16:in `_app_views_states_index_html_erb__1416700612321332763_69942576908440'


  Rendered /home/khushi/.rvm/gems/ruby-2.2.0/gems/actionpack-4.2.1/lib/action_dispatch/middleware/templates/rescues/_source.erb (11.1ms)
  Rendered /home/khushi/.rvm/gems/ruby-2.2.0/gems/actionpack-4.2.1/lib/action_dispatch/middleware/templates/rescues/_trace.html.erb (4.6ms)
  Rendered /home/khushi/.rvm/gems/ruby-2.2.0/gems/actionpack-4.2.1/lib/action_dispatch/middleware/templates/rescues/_request_and_response.html.erb (1.2ms)
  Rendered /home/khushi/.rvm/gems/ruby-2.2.0/gems/actionpack-4.2.1/lib/action_dispatch/middleware/templates/rescues/template_error.html.erb within rescues/layout (36.5ms)
  Rendered /home/khushi/.rvm/gems/ruby-2.2.0/gems/web-console-2.1.2/lib/web_console/templates/_markup.html.erb (0.7ms)
  Rendered /home/khushi/.rvm/gems/ruby-2.2.0/gems/web-console-2.1.2/lib/web_console/templates/style.css.erb within layouts/inlined_string (0.4ms)
  Rendered /home/khushi/.rvm/gems/ruby-2.2.0/gems/web-console-2.1.2/lib/web_console/templates/_inner_console_markup.html.erb within layouts/inlined_string (0.6ms)
  Rendered /home/khushi/.rvm/gems/ruby-2.2.0/gems/web-console-2.1.2/lib/web_console/templates/_prompt_box_markup.html.erb within layouts/inlined_string (0.3ms)
  Rendered /home/khushi/.rvm/gems/ruby-2.2.0/gems/web-console-2.1.2/lib/web_console/templates/console.js.erb within layouts/javascript (20.9ms)
  Rendered /home/khushi/.rvm/gems/ruby-2.2.0/gems/web-console-2.1.2/lib/web_console/templates/main.js.erb within layouts/javascript (0.4ms)
  Rendered /home/khushi/.rvm/gems/ruby-2.2.0/gems/web-console-2.1.2/lib/web_console/templates/error_page.js.erb within layouts/javascript (0.5ms)
  Rendered /home/khushi/.rvm/gems/ruby-2.2.0/gems/web-console-2.1.2/lib/web_console/templates/index.html.erb (46.3ms)


Started GET "/states" for 127.0.0.1 at 2015-05-23 20:02:40 +0530
Processing by StatesController#index as HTML
  [1m[36mState Load (105.9ms)[0m  [1mSELECT "states".* FROM "states"[0m
  [1m[35mCountry Load (0.2ms)[0m  SELECT  "countries".* FROM "countries" WHERE "countries"."id" = ? LIMIT 1  [["id", 1]]
  Rendered states/index.html.erb within layouts/application (347.5ms)
Completed 200 OK in 601ms (Views: 431.2ms | ActiveRecord: 106.1ms)


Started GET "/assets/countries.self-e3b0c44298fc1c149afbf4c8996fb92427ae41e4649b934ca495991b7852b855.css?body=1" for 127.0.0.1 at 2015-05-23 20:02:42 +0530


Started GET "/assets/cities.self-e3b0c44298fc1c149afbf4c8996fb92427ae41e4649b934ca495991b7852b855.css?body=1" for 127.0.0.1 at 2015-05-23 20:02:42 +0530


Started GET "/assets/jquery.self-d03a5518f45df77341bdbe6201ba3bfa547ebba8ed64f0ea56bfa5f96ea7c074.js?body=1" for 127.0.0.1 at 2015-05-23 20:02:42 +0530


Started GET "/assets/states.self-e3b0c44298fc1c149afbf4c8996fb92427ae41e4649b934ca495991b7852b855.css?body=1" for 127.0.0.1 at 2015-05-23 20:02:42 +0530


Started GET "/assets/scaffolds.self-90984c292054ea3f81df159c4681ea77ed43bac92e4ffd07bde5e957ba723177.css?body=1" for 127.0.0.1 at 2015-05-23 20:02:42 +0530


Started GET "/assets/application.self-e80e8f2318043e8af94dddc2adad5a4f09739a8ebb323b3ab31cd71d45fd9113.css?body=1" for 127.0.0.1 at 2015-05-23 20:02:42 +0530


Started GET "/assets/states.self-19a187bec6cdb96d6de80a61c16c857c613536adf9138476bd367db38d282635.js?body=1" for 127.0.0.1 at 2015-05-23 20:02:42 +0530


Started GET "/assets/application.self-3b8dabdc891efe46b9a144b400ad69e37d7e5876bdc39dee783419a69d7ca819.js?body=1" for 127.0.0.1 at 2015-05-23 20:02:42 +0530


Started GET "/assets/jquery_ujs.self-8e98a7a072a6cee1372d19fff9ff3e6aa1e39a37d89d6f06861637d061113ee7.js?body=1" for 127.0.0.1 at 2015-05-23 20:02:42 +0530


Started GET "/assets/turbolinks.self-c37727e9bd6b2735da5c311aa83fead54ed0be6cc8bd9a65309e9c5abe2cbfff.js?body=1" for 127.0.0.1 at 2015-05-23 20:02:42 +0530


Started GET "/assets/cities.self-19a187bec6cdb96d6de80a61c16c857c613536adf9138476bd367db38d282635.js?body=1" for 127.0.0.1 at 2015-05-23 20:02:42 +0530


Started GET "/assets/countries.self-19a187bec6cdb96d6de80a61c16c857c613536adf9138476bd367db38d282635.js?body=1" for 127.0.0.1 at 2015-05-23 20:02:42 +0530


Started GET "/states/new" for 127.0.0.1 at 2015-05-23 20:02:53 +0530
Processing by StatesController#new as HTML
  [1m[36mCountry Load (0.2ms)[0m  [1mSELECT "countries".* FROM "countries"[0m
  Rendered states/_form.html.erb (6.7ms)
  Rendered states/new.html.erb within layouts/application (18.6ms)
Completed 200 OK in 158ms (Views: 157.0ms | ActiveRecord: 0.2ms)


Started GET "/countries" for 127.0.0.1 at 2015-05-23 20:03:08 +0530
Processing by CountriesController#index as HTML
  [1m[35mCountry Load (0.2ms)[0m  SELECT "countries".* FROM "countries"
  Rendered countries/index.html.erb within layouts/application (3.6ms)
Completed 200 OK in 111ms (Views: 109.5ms | ActiveRecord: 0.2ms)


Started GET "/countries/new" for 127.0.0.1 at 2015-05-23 20:03:14 +0530
Processing by CountriesController#new as HTML
  Rendered countries/_form.html.erb (40.4ms)
  Rendered countries/new.html.erb within layouts/application (42.2ms)
Completed 500 Internal Server Error in 64ms (ActiveRecord: 0.0ms)

ActionView::Template::Error (undefined local variable or method `state' for #<#<Class:0x007f398cb8d3b0>:0x007f39a5fc1288>):
    18:   <div class="field">
    19:     <%= f.label :description %><br>
    20:     <%= f.text_field :description %>
    21:     <%= collection_select(:country, :state_id, state.all, :id, :name, prompt: true) %>
    22:   </div><div class="actions">
    23:     <%= f.submit %>
    24:   </div>
  app/views/countries/_form.html.erb:21:in `block in _app_views_countries__form_html_erb__4119866795519653676_69942787232200'
  app/views/countries/_form.html.erb:1:in `_app_views_countries__form_html_erb__4119866795519653676_69942787232200'
  app/views/countries/new.html.erb:3:in `_app_views_countries_new_html_erb__3491871640194088945_69942787309600'


  Rendered /home/khushi/.rvm/gems/ruby-2.2.0/gems/actionpack-4.2.1/lib/action_dispatch/middleware/templates/rescues/_source.erb (11.4ms)
  Rendered /home/khushi/.rvm/gems/ruby-2.2.0/gems/actionpack-4.2.1/lib/action_dispatch/middleware/templates/rescues/_trace.html.erb (4.6ms)
  Rendered /home/khushi/.rvm/gems/ruby-2.2.0/gems/actionpack-4.2.1/lib/action_dispatch/middleware/templates/rescues/_request_and_response.html.erb (1.9ms)
  Rendered /home/khushi/.rvm/gems/ruby-2.2.0/gems/actionpack-4.2.1/lib/action_dispatch/middleware/templates/rescues/template_error.html.erb within rescues/layout (89.6ms)
  Rendered /home/khushi/.rvm/gems/ruby-2.2.0/gems/web-console-2.1.2/lib/web_console/templates/_markup.html.erb (0.6ms)
  Rendered /home/khushi/.rvm/gems/ruby-2.2.0/gems/web-console-2.1.2/lib/web_console/templates/style.css.erb within layouts/inlined_string (0.5ms)
  Rendered /home/khushi/.rvm/gems/ruby-2.2.0/gems/web-console-2.1.2/lib/web_console/templates/_inner_console_markup.html.erb within layouts/inlined_string (0.5ms)
  Rendered /home/khushi/.rvm/gems/ruby-2.2.0/gems/web-console-2.1.2/lib/web_console/templates/_prompt_box_markup.html.erb within layouts/inlined_string (0.5ms)
  Rendered /home/khushi/.rvm/gems/ruby-2.2.0/gems/web-console-2.1.2/lib/web_console/templates/console.js.erb within layouts/javascript (143.5ms)
  Rendered /home/khushi/.rvm/gems/ruby-2.2.0/gems/web-console-2.1.2/lib/web_console/templates/main.js.erb within layouts/javascript (0.5ms)
  Rendered /home/khushi/.rvm/gems/ruby-2.2.0/gems/web-console-2.1.2/lib/web_console/templates/error_page.js.erb within layouts/javascript (0.6ms)
  Rendered /home/khushi/.rvm/gems/ruby-2.2.0/gems/web-console-2.1.2/lib/web_console/templates/index.html.erb (271.8ms)


Started GET "/countries/new" for 127.0.0.1 at 2015-05-23 20:03:16 +0530
Processing by CountriesController#new as HTML
  Rendered countries/_form.html.erb (22.0ms)
  Rendered countries/new.html.erb within layouts/application (33.8ms)
Completed 500 Internal Server Error in 38ms (ActiveRecord: 0.0ms)

ActionView::Template::Error (undefined local variable or method `state' for #<#<Class:0x007f398cb8d3b0>:0x007f398cf68c78>):
    18:   <div class="field">
    19:     <%= f.label :description %><br>
    20:     <%= f.text_field :description %>
    21:     <%= collection_select(:country, :state_id, state.all, :id, :name, prompt: true) %>
    22:   </div><div class="actions">
    23:     <%= f.submit %>
    24:   </div>
  app/views/countries/_form.html.erb:21:in `block in _app_views_countries__form_html_erb__4119866795519653676_69942577565500'
  app/views/countries/_form.html.erb:1:in `_app_views_countries__form_html_erb__4119866795519653676_69942577565500'
  app/views/countries/new.html.erb:3:in `_app_views_countries_new_html_erb__3491871640194088945_69942577569060'


  Rendered /home/khushi/.rvm/gems/ruby-2.2.0/gems/actionpack-4.2.1/lib/action_dispatch/middleware/templates/rescues/_source.erb (11.9ms)
  Rendered /home/khushi/.rvm/gems/ruby-2.2.0/gems/actionpack-4.2.1/lib/action_dispatch/middleware/templates/rescues/_trace.html.erb (4.0ms)
  Rendered /home/khushi/.rvm/gems/ruby-2.2.0/gems/actionpack-4.2.1/lib/action_dispatch/middleware/templates/rescues/_request_and_response.html.erb (1.2ms)
  Rendered /home/khushi/.rvm/gems/ruby-2.2.0/gems/actionpack-4.2.1/lib/action_dispatch/middleware/templates/rescues/template_error.html.erb within rescues/layout (35.1ms)
  Rendered /home/khushi/.rvm/gems/ruby-2.2.0/gems/web-console-2.1.2/lib/web_console/templates/_markup.html.erb (0.5ms)
  Rendered /home/khushi/.rvm/gems/ruby-2.2.0/gems/web-console-2.1.2/lib/web_console/templates/style.css.erb within layouts/inlined_string (0.4ms)
  Rendered /home/khushi/.rvm/gems/ruby-2.2.0/gems/web-console-2.1.2/lib/web_console/templates/_inner_console_markup.html.erb within layouts/inlined_string (0.4ms)
  Rendered /home/khushi/.rvm/gems/ruby-2.2.0/gems/web-console-2.1.2/lib/web_console/templates/_prompt_box_markup.html.erb within layouts/inlined_string (0.5ms)
  Rendered /home/khushi/.rvm/gems/ruby-2.2.0/gems/web-console-2.1.2/lib/web_console/templates/console.js.erb within layouts/javascript (22.1ms)
  Rendered /home/khushi/.rvm/gems/ruby-2.2.0/gems/web-console-2.1.2/lib/web_console/templates/main.js.erb within layouts/javascript (0.4ms)
  Rendered /home/khushi/.rvm/gems/ruby-2.2.0/gems/web-console-2.1.2/lib/web_console/templates/error_page.js.erb within layouts/javascript (0.7ms)
  Rendered /home/khushi/.rvm/gems/ruby-2.2.0/gems/web-console-2.1.2/lib/web_console/templates/index.html.erb (45.1ms)


Started GET "/countries/new" for 127.0.0.1 at 2015-05-23 20:04:51 +0530
Processing by CountriesController#new as HTML
  Rendered countries/_form.html.erb (4.5ms)
  Rendered countries/new.html.erb within layouts/application (5.2ms)
Completed 500 Internal Server Error in 8ms (ActiveRecord: 0.0ms)

ActionView::Template::Error (undefined method `state_id' for #<Country:0x007f398c505240>):
    18:   <div class="field">
    19:     <%= f.label :description %><br>
    20:     <%= f.text_field :description %>
    21:     <%= collection_select(:country, :state_id, State.all, :id, :name, prompt: true) %>
    22:   </div><div class="actions">
    23:     <%= f.submit %>
    24:   </div>
  app/views/countries/_form.html.erb:21:in `block in _app_views_countries__form_html_erb__4119866795519653676_69942572278040'
  app/views/countries/_form.html.erb:1:in `_app_views_countries__form_html_erb__4119866795519653676_69942572278040'
  app/views/countries/new.html.erb:3:in `_app_views_countries_new_html_erb__3491871640194088945_69942577569060'


  Rendered /home/khushi/.rvm/gems/ruby-2.2.0/gems/actionpack-4.2.1/lib/action_dispatch/middleware/templates/rescues/_source.erb (13.4ms)
  Rendered /home/khushi/.rvm/gems/ruby-2.2.0/gems/actionpack-4.2.1/lib/action_dispatch/middleware/templates/rescues/_trace.html.erb (4.6ms)
  Rendered /home/khushi/.rvm/gems/ruby-2.2.0/gems/actionpack-4.2.1/lib/action_dispatch/middleware/templates/rescues/_request_and_response.html.erb (1.2ms)
  Rendered /home/khushi/.rvm/gems/ruby-2.2.0/gems/actionpack-4.2.1/lib/action_dispatch/middleware/templates/rescues/template_error.html.erb within rescues/layout (37.5ms)
  Rendered /home/khushi/.rvm/gems/ruby-2.2.0/gems/web-console-2.1.2/lib/web_console/templates/_markup.html.erb (0.6ms)
  Rendered /home/khushi/.rvm/gems/ruby-2.2.0/gems/web-console-2.1.2/lib/web_console/templates/style.css.erb within layouts/inlined_string (0.4ms)
  Rendered /home/khushi/.rvm/gems/ruby-2.2.0/gems/web-console-2.1.2/lib/web_console/templates/_inner_console_markup.html.erb within layouts/inlined_string (0.4ms)
  Rendered /home/khushi/.rvm/gems/ruby-2.2.0/gems/web-console-2.1.2/lib/web_console/templates/_prompt_box_markup.html.erb within layouts/inlined_string (0.4ms)
  Rendered /home/khushi/.rvm/gems/ruby-2.2.0/gems/web-console-2.1.2/lib/web_console/templates/console.js.erb within layouts/javascript (21.4ms)
  Rendered /home/khushi/.rvm/gems/ruby-2.2.0/gems/web-console-2.1.2/lib/web_console/templates/main.js.erb within layouts/javascript (0.5ms)
  Rendered /home/khushi/.rvm/gems/ruby-2.2.0/gems/web-console-2.1.2/lib/web_console/templates/error_page.js.erb within layouts/javascript (0.6ms)
  Rendered /home/khushi/.rvm/gems/ruby-2.2.0/gems/web-console-2.1.2/lib/web_console/templates/index.html.erb (44.6ms)


Started GET "/countries/new" for 127.0.0.1 at 2015-05-23 20:06:42 +0530
Processing by CountriesController#new as HTML
  Rendered countries/_form.html.erb (53.5ms)
  Rendered countries/new.html.erb within layouts/application (54.4ms)
Completed 500 Internal Server Error in 57ms (ActiveRecord: 0.0ms)

ActionView::Template::Error (undefined method `state_id' for #<Country:0x007f39a5751080>):
    18:   <div class="field">
    19:     <%= f.label :description %><br>
    20:     <%= f.text_field :description %>
    21:     <!--<%= collection_select(:country, :state_id, State.all, :id, :name, prompt: true) %>-->
    22:   </div><div class="actions">
    23:     <%= f.submit %>
    24:   </div>
  app/views/countries/_form.html.erb:21:in `block in _app_views_countries__form_html_erb__4119866795519653676_69942782805720'
  app/views/countries/_form.html.erb:1:in `_app_views_countries__form_html_erb__4119866795519653676_69942782805720'
  app/views/countries/new.html.erb:3:in `_app_views_countries_new_html_erb__3491871640194088945_69942577569060'


  Rendered /home/khushi/.rvm/gems/ruby-2.2.0/gems/actionpack-4.2.1/lib/action_dispatch/middleware/templates/rescues/_source.erb (13.3ms)
  Rendered /home/khushi/.rvm/gems/ruby-2.2.0/gems/actionpack-4.2.1/lib/action_dispatch/middleware/templates/rescues/_trace.html.erb (4.6ms)
  Rendered /home/khushi/.rvm/gems/ruby-2.2.0/gems/actionpack-4.2.1/lib/action_dispatch/middleware/templates/rescues/_request_and_response.html.erb (1.3ms)
  Rendered /home/khushi/.rvm/gems/ruby-2.2.0/gems/actionpack-4.2.1/lib/action_dispatch/middleware/templates/rescues/template_error.html.erb within rescues/layout (37.3ms)
  Rendered /home/khushi/.rvm/gems/ruby-2.2.0/gems/web-console-2.1.2/lib/web_console/templates/_markup.html.erb (0.5ms)
  Rendered /home/khushi/.rvm/gems/ruby-2.2.0/gems/web-console-2.1.2/lib/web_console/templates/style.css.erb within layouts/inlined_string (0.4ms)
  Rendered /home/khushi/.rvm/gems/ruby-2.2.0/gems/web-console-2.1.2/lib/web_console/templates/_inner_console_markup.html.erb within layouts/inlined_string (0.4ms)
  Rendered /home/khushi/.rvm/gems/ruby-2.2.0/gems/web-console-2.1.2/lib/web_console/templates/_prompt_box_markup.html.erb within layouts/inlined_string (0.5ms)
  Rendered /home/khushi/.rvm/gems/ruby-2.2.0/gems/web-console-2.1.2/lib/web_console/templates/console.js.erb within layouts/javascript (22.0ms)
  Rendered /home/khushi/.rvm/gems/ruby-2.2.0/gems/web-console-2.1.2/lib/web_console/templates/main.js.erb within layouts/javascript (0.5ms)
  Rendered /home/khushi/.rvm/gems/ruby-2.2.0/gems/web-console-2.1.2/lib/web_console/templates/error_page.js.erb within layouts/javascript (0.6ms)
  Rendered /home/khushi/.rvm/gems/ruby-2.2.0/gems/web-console-2.1.2/lib/web_console/templates/index.html.erb (46.2ms)


Started GET "/countries/new" for 127.0.0.1 at 2015-05-23 20:07:05 +0530
Processing by CountriesController#new as HTML
  Rendered countries/_form.html.erb (2.8ms)
  Rendered countries/new.html.erb within layouts/application (3.6ms)
Completed 200 OK in 96ms (Views: 94.1ms | ActiveRecord: 0.0ms)


Started GET "/assets/cities.self-e3b0c44298fc1c149afbf4c8996fb92427ae41e4649b934ca495991b7852b855.css?body=1" for 127.0.0.1 at 2015-05-23 20:07:05 +0530


Started GET "/assets/countries.self-e3b0c44298fc1c149afbf4c8996fb92427ae41e4649b934ca495991b7852b855.css?body=1" for 127.0.0.1 at 2015-05-23 20:07:05 +0530


Started GET "/assets/states.self-e3b0c44298fc1c149afbf4c8996fb92427ae41e4649b934ca495991b7852b855.css?body=1" for 127.0.0.1 at 2015-05-23 20:07:05 +0530


Started GET "/assets/jquery.self-d03a5518f45df77341bdbe6201ba3bfa547ebba8ed64f0ea56bfa5f96ea7c074.js?body=1" for 127.0.0.1 at 2015-05-23 20:07:05 +0530


Started GET "/assets/application.self-e80e8f2318043e8af94dddc2adad5a4f09739a8ebb323b3ab31cd71d45fd9113.css?body=1" for 127.0.0.1 at 2015-05-23 20:07:05 +0530


Started GET "/assets/scaffolds.self-90984c292054ea3f81df159c4681ea77ed43bac92e4ffd07bde5e957ba723177.css?body=1" for 127.0.0.1 at 2015-05-23 20:07:05 +0530


Started GET "/assets/jquery_ujs.self-8e98a7a072a6cee1372d19fff9ff3e6aa1e39a37d89d6f06861637d061113ee7.js?body=1" for 127.0.0.1 at 2015-05-23 20:07:05 +0530


Started GET "/assets/turbolinks.self-c37727e9bd6b2735da5c311aa83fead54ed0be6cc8bd9a65309e9c5abe2cbfff.js?body=1" for 127.0.0.1 at 2015-05-23 20:07:05 +0530


Started GET "/assets/cities.self-19a187bec6cdb96d6de80a61c16c857c613536adf9138476bd367db38d282635.js?body=1" for 127.0.0.1 at 2015-05-23 20:07:05 +0530


Started GET "/assets/countries.self-19a187bec6cdb96d6de80a61c16c857c613536adf9138476bd367db38d282635.js?body=1" for 127.0.0.1 at 2015-05-23 20:07:05 +0530


Started GET "/assets/states.self-19a187bec6cdb96d6de80a61c16c857c613536adf9138476bd367db38d282635.js?body=1" for 127.0.0.1 at 2015-05-23 20:07:05 +0530


Started GET "/assets/application.self-3b8dabdc891efe46b9a144b400ad69e37d7e5876bdc39dee783419a69d7ca819.js?body=1" for 127.0.0.1 at 2015-05-23 20:07:05 +0530


Started POST "/countries" for 127.0.0.1 at 2015-05-23 20:09:23 +0530
Processing by CountriesController#create as HTML
  Parameters: {"utf8"=>"✓", "authenticity_token"=>"F3fdzTmKLx1Lhl3GsP3nk5870ItDrXxtkroHcb+qo8OugOzcDADTwczl1D7agTPobrscoP5vlSrsZafckNmnwg==", "country"=>{"name"=>"USA", "description"=>"Developed"}, "commit"=>"Create Country"}
  [1m[36m (0.1ms)[0m  [1mbegin transaction[0m
  [1m[35mSQL (141.2ms)[0m  INSERT INTO "countries" ("name", "description", "created_at", "updated_at") VALUES (?, ?, ?, ?)  [["name", "USA"], ["description", "Developed"], ["created_at", "2015-05-23 14:39:23.779085"], ["updated_at", "2015-05-23 14:39:23.779085"]]
  [1m[36m (227.3ms)[0m  [1mcommit transaction[0m
Redirected to http://localhost:3000/countries/3
Completed 302 Found in 428ms (ActiveRecord: 368.6ms)


Started GET "/countries/3" for 127.0.0.1 at 2015-05-23 20:09:24 +0530
Processing by CountriesController#show as HTML
  Parameters: {"id"=>"3"}
  [1m[35mCountry Load (0.2ms)[0m  SELECT  "countries".* FROM "countries" WHERE "countries"."id" = ? LIMIT 1  [["id", 3]]
  Rendered countries/show.html.erb within layouts/application (1.3ms)
Completed 200 OK in 86ms (Views: 84.5ms | ActiveRecord: 0.2ms)


Started GET "/countries" for 127.0.0.1 at 2015-05-23 20:09:26 +0530
Processing by CountriesController#index as HTML
  [1m[36mCountry Load (0.2ms)[0m  [1mSELECT "countries".* FROM "countries"[0m
  Rendered countries/index.html.erb within layouts/application (3.0ms)
Completed 200 OK in 57ms (Views: 55.9ms | ActiveRecord: 0.2ms)


Started GET "/countries/new" for 127.0.0.1 at 2015-05-23 20:09:29 +0530
Processing by CountriesController#new as HTML
  Rendered countries/_form.html.erb (3.0ms)
  Rendered countries/new.html.erb within layouts/application (3.9ms)
Completed 200 OK in 50ms (Views: 49.2ms | ActiveRecord: 0.0ms)


Started POST "/countries" for 127.0.0.1 at 2015-05-23 20:09:48 +0530
Processing by CountriesController#create as HTML
  Parameters: {"utf8"=>"✓", "authenticity_token"=>"3h8BRu9ytX8WyjQQvq9TQ9JtL4opzzAYSazpUHwsyhxn6DBX2vhJo5GpvejU04c4I+3joZQN2V83c0n9U1/OHQ==", "country"=>{"name"=>"China", "description"=>"populated"}, "commit"=>"Create Country"}
  [1m[35m (0.1ms)[0m  begin transaction
  [1m[36mSQL (0.2ms)[0m  [1mINSERT INTO "countries" ("name", "description", "created_at", "updated_at") VALUES (?, ?, ?, ?)[0m  [["name", "China"], ["description", "populated"], ["created_at", "2015-05-23 14:39:48.884085"], ["updated_at", "2015-05-23 14:39:48.884085"]]
  [1m[35m (270.4ms)[0m  commit transaction
Redirected to http://localhost:3000/countries/4
Completed 302 Found in 274ms (ActiveRecord: 270.7ms)


Started GET "/countries/4" for 127.0.0.1 at 2015-05-23 20:09:49 +0530
Processing by CountriesController#show as HTML
  Parameters: {"id"=>"4"}
  [1m[36mCountry Load (0.1ms)[0m  [1mSELECT  "countries".* FROM "countries" WHERE "countries"."id" = ? LIMIT 1[0m  [["id", 4]]
  Rendered countries/show.html.erb within layouts/application (0.4ms)
Completed 200 OK in 52ms (Views: 50.7ms | ActiveRecord: 0.1ms)


Started GET "/countries" for 127.0.0.1 at 2015-05-23 20:09:52 +0530
Processing by CountriesController#index as HTML
  [1m[35mCountry Load (0.2ms)[0m  SELECT "countries".* FROM "countries"
  Rendered countries/index.html.erb within layouts/application (2.4ms)
Completed 200 OK in 54ms (Views: 53.4ms | ActiveRecord: 0.2ms)


Started GET "/states/new" for 127.0.0.1 at 2015-05-23 20:10:07 +0530
Processing by StatesController#new as HTML
  [1m[36mCountry Load (0.2ms)[0m  [1mSELECT "countries".* FROM "countries"[0m
  Rendered states/_form.html.erb (6.6ms)
  Rendered states/new.html.erb within layouts/application (8.2ms)
Completed 200 OK in 61ms (Views: 60.0ms | ActiveRecord: 0.2ms)


Started GET "/states/" for 127.0.0.1 at 2015-05-23 20:10:14 +0530
Processing by StatesController#index as HTML
  [1m[35mState Load (0.2ms)[0m  SELECT "states".* FROM "states"
  [1m[36mCountry Load (0.1ms)[0m  [1mSELECT  "countries".* FROM "countries" WHERE "countries"."id" = ? LIMIT 1[0m  [["id", 1]]
  Rendered states/index.html.erb within layouts/application (2.2ms)
Completed 200 OK in 59ms (Views: 57.8ms | ActiveRecord: 0.3ms)


Started GET "/states/new" for 127.0.0.1 at 2015-05-23 20:10:19 +0530
Processing by StatesController#new as HTML
  [1m[35mCountry Load (0.2ms)[0m  SELECT "countries".* FROM "countries"
  Rendered states/_form.html.erb (4.1ms)
  Rendered states/new.html.erb within layouts/application (5.0ms)
Completed 200 OK in 57ms (Views: 56.3ms | ActiveRecord: 0.2ms)


Started POST "/states" for 127.0.0.1 at 2015-05-23 20:11:02 +0530
Processing by StatesController#create as HTML
  Parameters: {"utf8"=>"✓", "authenticity_token"=>"vhdB1CGB2x32QEJZWspEv4ZKahNUBEl+3K2L7ncEe+YH4HDFFAsnwXEjy6EwtpDEd8qmOOnGoDmicitDWHd/5w==", "state"=>{"name"=>"los angeles", "country_id"=>"3", "description"=>"beautiful"}, "commit"=>"Create State"}
  [1m[36m (0.1ms)[0m  [1mbegin transaction[0m
  [1m[35mSQL (0.2ms)[0m  INSERT INTO "states" ("name", "country_id", "description", "created_at", "updated_at") VALUES (?, ?, ?, ?, ?)  [["name", "los angeles"], ["country_id", 3], ["description", "beautiful"], ["created_at", "2015-05-23 14:41:02.893518"], ["updated_at", "2015-05-23 14:41:02.893518"]]
  [1m[36m (152.7ms)[0m  [1mcommit transaction[0m
Redirected to http://localhost:3000/states/2
Completed 302 Found in 159ms (ActiveRecord: 153.0ms)


Started GET "/states/2" for 127.0.0.1 at 2015-05-23 20:11:03 +0530
Processing by StatesController#show as HTML
  Parameters: {"id"=>"2"}
  [1m[35mState Load (0.1ms)[0m  SELECT  "states".* FROM "states" WHERE "states"."id" = ? LIMIT 1  [["id", 2]]
  Rendered states/show.html.erb within layouts/application (0.6ms)
Completed 200 OK in 69ms (Views: 67.8ms | ActiveRecord: 0.1ms)


Started GET "/states" for 127.0.0.1 at 2015-05-23 20:11:05 +0530
Processing by StatesController#index as HTML
  [1m[36mState Load (0.2ms)[0m  [1mSELECT "states".* FROM "states"[0m
  [1m[35mCountry Load (0.1ms)[0m  SELECT  "countries".* FROM "countries" WHERE "countries"."id" = ? LIMIT 1  [["id", 1]]
  [1m[36mCountry Load (0.1ms)[0m  [1mSELECT  "countries".* FROM "countries" WHERE "countries"."id" = ? LIMIT 1[0m  [["id", 3]]
  Rendered states/index.html.erb within layouts/application (3.8ms)
Completed 200 OK in 54ms (Views: 53.4ms | ActiveRecord: 0.4ms)


Started GET "/cities" for 127.0.0.1 at 2015-05-23 20:23:07 +0530
Processing by CitiesController#index as HTML
  [1m[35mCity Load (0.3ms)[0m  SELECT "cities".* FROM "cities"
  Rendered cities/index.html.erb within layouts/application (3.5ms)
Completed 200 OK in 387ms (Views: 290.1ms | ActiveRecord: 0.7ms)


Started GET "/cities/new" for 127.0.0.1 at 2015-05-23 20:23:14 +0530
Processing by CitiesController#new as HTML
  [1m[36mCountry Load (0.2ms)[0m  [1mSELECT "countries".* FROM "countries"[0m
  [1m[35mState Load (0.2ms)[0m  SELECT "states".* FROM "states"
  Rendered cities/_form.html.erb (7.3ms)
  Rendered cities/new.html.erb within layouts/application (8.9ms)
Completed 200 OK in 99ms (Views: 92.2ms | ActiveRecord: 0.6ms)


Started GET "/cities" for 127.0.0.1 at 2015-05-23 20:23:48 +0530
Processing by CitiesController#index as HTML
  [1m[36mCity Load (0.2ms)[0m  [1mSELECT "cities".* FROM "cities"[0m
  Rendered cities/index.html.erb within layouts/application (1.6ms)
Completed 200 OK in 63ms (Views: 61.8ms | ActiveRecord: 0.2ms)


Started GET "/states/new" for 127.0.0.1 at 2015-05-23 20:23:56 +0530
Processing by StatesController#new as HTML
  [1m[35mCountry Load (0.2ms)[0m  SELECT "countries".* FROM "countries"
  Rendered states/_form.html.erb (5.1ms)
  Rendered states/new.html.erb within layouts/application (6.1ms)
Completed 200 OK in 57ms (Views: 56.1ms | ActiveRecord: 0.2ms)


Started POST "/states" for 127.0.0.1 at 2015-05-23 20:24:13 +0530
Processing by StatesController#create as HTML
  Parameters: {"utf8"=>"✓", "authenticity_token"=>"uP+Ux3GN5QCyCdHOYU3ulnVvuJsjeYAY2OR4sDP38H4BCKXWRAcZ3DVqWDYLMTrthO90sJ67aV+mO9gdHIT0fw==", "state"=>{"name"=>"karnataka", "country_id"=>"1", "description"=>"south"}, "commit"=>"Create State"}
  [1m[36m (0.1ms)[0m  [1mbegin transaction[0m
  [1m[35mSQL (0.2ms)[0m  INSERT INTO "states" ("name", "country_id", "description", "created_at", "updated_at") VALUES (?, ?, ?, ?, ?)  [["name", "karnataka"], ["country_id", 1], ["description", "south"], ["created_at", "2015-05-23 14:54:13.967198"], ["updated_at", "2015-05-23 14:54:13.967198"]]
  [1m[36m (348.9ms)[0m  [1mcommit transaction[0m
Redirected to http://localhost:3000/states/3
Completed 302 Found in 353ms (ActiveRecord: 349.2ms)


Started GET "/states/3" for 127.0.0.1 at 2015-05-23 20:24:14 +0530
Processing by StatesController#show as HTML
  Parameters: {"id"=>"3"}
  [1m[35mState Load (0.1ms)[0m  SELECT  "states".* FROM "states" WHERE "states"."id" = ? LIMIT 1  [["id", 3]]
  Rendered states/show.html.erb within layouts/application (0.5ms)
Completed 200 OK in 65ms (Views: 64.2ms | ActiveRecord: 0.1ms)


Started GET "/states" for 127.0.0.1 at 2015-05-23 20:24:16 +0530
Processing by StatesController#index as HTML
  [1m[36mState Load (0.2ms)[0m  [1mSELECT "states".* FROM "states"[0m
  [1m[35mCountry Load (0.1ms)[0m  SELECT  "countries".* FROM "countries" WHERE "countries"."id" = ? LIMIT 1  [["id", 1]]
  [1m[36mCountry Load (0.1ms)[0m  [1mSELECT  "countries".* FROM "countries" WHERE "countries"."id" = ? LIMIT 1[0m  [["id", 3]]
  [1m[35mCACHE (0.0ms)[0m  SELECT  "countries".* FROM "countries" WHERE "countries"."id" = ? LIMIT 1  [["id", 1]]
  Rendered states/index.html.erb within layouts/application (4.2ms)
Completed 200 OK in 53ms (Views: 51.6ms | ActiveRecord: 0.4ms)


Started GET "/states/new" for 127.0.0.1 at 2015-05-23 20:24:28 +0530
Processing by StatesController#new as HTML
  [1m[36mCountry Load (0.2ms)[0m  [1mSELECT "countries".* FROM "countries"[0m
  Rendered states/_form.html.erb (3.8ms)
  Rendered states/new.html.erb within layouts/application (4.7ms)
Completed 200 OK in 55ms (Views: 53.7ms | ActiveRecord: 0.2ms)


Started POST "/states" for 127.0.0.1 at 2015-05-23 20:24:44 +0530
Processing by StatesController#create as HTML
  Parameters: {"utf8"=>"✓", "authenticity_token"=>"IBQpSg09Qwm3YcDQfyKShMW7XUdGCCkcg9cXcggBy1KZ4xhbOLe/1TACSSgVXkb/NDuRbPvKwFv9CLffJ3LPUw==", "state"=>{"name"=>"bihar", "country_id"=>"1", "description"=>"poor"}, "commit"=>"Create State"}
  [1m[35m (0.1ms)[0m  begin transaction
  [1m[36mSQL (0.2ms)[0m  [1mINSERT INTO "states" ("name", "country_id", "description", "created_at", "updated_at") VALUES (?, ?, ?, ?, ?)[0m  [["name", "bihar"], ["country_id", 1], ["description", "poor"], ["created_at", "2015-05-23 14:54:44.393062"], ["updated_at", "2015-05-23 14:54:44.393062"]]
  [1m[35m (205.6ms)[0m  commit transaction
Redirected to http://localhost:3000/states/4
Completed 302 Found in 210ms (ActiveRecord: 205.9ms)


Started GET "/states/4" for 127.0.0.1 at 2015-05-23 20:24:44 +0530
Processing by StatesController#show as HTML
  Parameters: {"id"=>"4"}
  [1m[36mState Load (0.1ms)[0m  [1mSELECT  "states".* FROM "states" WHERE "states"."id" = ? LIMIT 1[0m  [["id", 4]]
  Rendered states/show.html.erb within layouts/application (0.4ms)
Completed 200 OK in 51ms (Views: 50.2ms | ActiveRecord: 0.1ms)


Started GET "/states" for 127.0.0.1 at 2015-05-23 20:24:47 +0530
Processing by StatesController#index as HTML
  [1m[35mState Load (0.2ms)[0m  SELECT "states".* FROM "states"
  [1m[36mCountry Load (0.1ms)[0m  [1mSELECT  "countries".* FROM "countries" WHERE "countries"."id" = ? LIMIT 1[0m  [["id", 1]]
  [1m[35mCountry Load (0.1ms)[0m  SELECT  "countries".* FROM "countries" WHERE "countries"."id" = ? LIMIT 1  [["id", 3]]
  [1m[36mCACHE (0.0ms)[0m  [1mSELECT  "countries".* FROM "countries" WHERE "countries"."id" = ? LIMIT 1[0m  [["id", 1]]
  [1m[35mCACHE (0.0ms)[0m  SELECT  "countries".* FROM "countries" WHERE "countries"."id" = ? LIMIT 1  [["id", 1]]
  Rendered states/index.html.erb within layouts/application (4.4ms)
Completed 200 OK in 62ms (Views: 61.4ms | ActiveRecord: 0.4ms)


Started GET "/cities" for 127.0.0.1 at 2015-05-23 20:24:55 +0530
Processing by CitiesController#index as HTML
  [1m[36mCity Load (0.3ms)[0m  [1mSELECT "cities".* FROM "cities"[0m
  Rendered cities/index.html.erb within layouts/application (1.5ms)
Completed 200 OK in 57ms (Views: 55.9ms | ActiveRecord: 0.3ms)


Started GET "/cities/new" for 127.0.0.1 at 2015-05-23 20:24:57 +0530
Processing by CitiesController#new as HTML
  [1m[35mCountry Load (0.2ms)[0m  SELECT "countries".* FROM "countries"
  [1m[36mState Load (0.2ms)[0m  [1mSELECT "states".* FROM "states"[0m
  Rendered cities/_form.html.erb (5.5ms)
  Rendered cities/new.html.erb within layouts/application (6.4ms)
Completed 200 OK in 56ms (Views: 54.8ms | ActiveRecord: 0.4ms)


Started POST "/cities" for 127.0.0.1 at 2015-05-23 20:25:27 +0530
Processing by CitiesController#create as HTML
  Parameters: {"utf8"=>"✓", "authenticity_token"=>"FFWQpk7eQNBrrJfb1UuvEi6LApmN7/4oW/xzSg5lY+etoqG3e1S8DOzPHiO/N3tp3wvOsjAtF28lI9PnIRZn5g==", "city"=>{"name"=>"bangalore", "country_id"=>"1", "state_id"=>"3", "description"=>"IT industrialist"}, "commit"=>"Create City"}
  [1m[35m (0.1ms)[0m  begin transaction
  [1m[36mSQL (0.3ms)[0m  [1mINSERT INTO "cities" ("name", "country_id", "state_id", "description", "created_at", "updated_at") VALUES (?, ?, ?, ?, ?, ?)[0m  [["name", "bangalore"], ["country_id", 1], ["state_id", 3], ["description", "IT industrialist"], ["created_at", "2015-05-23 14:55:27.875116"], ["updated_at", "2015-05-23 14:55:27.875116"]]
  [1m[35m (277.3ms)[0m  commit transaction
Redirected to http://localhost:3000/cities/1
Completed 302 Found in 282ms (ActiveRecord: 277.7ms)


Started GET "/cities/1" for 127.0.0.1 at 2015-05-23 20:25:28 +0530
Processing by CitiesController#show as HTML
  Parameters: {"id"=>"1"}
  [1m[36mCity Load (0.2ms)[0m  [1mSELECT  "cities".* FROM "cities" WHERE "cities"."id" = ? LIMIT 1[0m  [["id", 1]]
  Rendered cities/show.html.erb within layouts/application (1.6ms)
Completed 200 OK in 55ms (Views: 53.1ms | ActiveRecord: 0.2ms)


Started GET "/cities" for 127.0.0.1 at 2015-05-23 20:25:31 +0530
Processing by CitiesController#index as HTML
  [1m[35mCity Load (0.2ms)[0m  SELECT "cities".* FROM "cities"
  [1m[36mCountry Load (0.1ms)[0m  [1mSELECT  "countries".* FROM "countries" WHERE "countries"."id" = ? LIMIT 1[0m  [["id", 1]]
  [1m[35mState Load (0.1ms)[0m  SELECT  "states".* FROM "states" WHERE "states"."id" = ? LIMIT 1  [["id", 3]]
  Rendered cities/index.html.erb within layouts/application (23.4ms)
Completed 200 OK in 71ms (Views: 70.0ms | ActiveRecord: 0.4ms)


Started GET "/cities/new" for 127.0.0.1 at 2015-05-23 20:25:42 +0530
Processing by CitiesController#new as HTML
  [1m[36mCountry Load (0.2ms)[0m  [1mSELECT "countries".* FROM "countries"[0m
  [1m[35mState Load (0.2ms)[0m  SELECT "states".* FROM "states"
  Rendered cities/_form.html.erb (5.6ms)
  Rendered cities/new.html.erb within layouts/application (6.5ms)
Completed 200 OK in 56ms (Views: 55.0ms | ActiveRecord: 0.4ms)


Started POST "/cities" for 127.0.0.1 at 2015-05-23 20:26:05 +0530
Processing by CitiesController#create as HTML
  Parameters: {"utf8"=>"✓", "authenticity_token"=>"FTPAQo36dMn/GIcjIlS3GyY0F16aGlCEU7tIRtKmfuWsxPFTuHCIFXh7DttIKGNg17TbdSfYucMtZOjr/dV65A==", "city"=>{"name"=>"saharsa", "country_id"=>"1", "state_id"=>"4", "description"=>"good people"}, "commit"=>"Create City"}
  [1m[36m (0.1ms)[0m  [1mbegin transaction[0m
  [1m[35mSQL (0.2ms)[0m  INSERT INTO "cities" ("name", "country_id", "state_id", "description", "created_at", "updated_at") VALUES (?, ?, ?, ?, ?, ?)  [["name", "saharsa"], ["country_id", 1], ["state_id", 4], ["description", "good people"], ["created_at", "2015-05-23 14:56:05.534536"], ["updated_at", "2015-05-23 14:56:05.534536"]]
  [1m[36m (185.2ms)[0m  [1mcommit transaction[0m
Redirected to http://localhost:3000/cities/2
Completed 302 Found in 189ms (ActiveRecord: 185.5ms)


Started GET "/cities/2" for 127.0.0.1 at 2015-05-23 20:26:05 +0530
Processing by CitiesController#show as HTML
  Parameters: {"id"=>"2"}
  [1m[35mCity Load (0.4ms)[0m  SELECT  "cities".* FROM "cities" WHERE "cities"."id" = ? LIMIT 1  [["id", 2]]
  Rendered cities/show.html.erb within layouts/application (0.4ms)
Completed 200 OK in 63ms (Views: 60.3ms | ActiveRecord: 0.4ms)


Started GET "/cities" for 127.0.0.1 at 2015-05-23 20:26:07 +0530
Processing by CitiesController#index as HTML
  [1m[36mCity Load (0.2ms)[0m  [1mSELECT "cities".* FROM "cities"[0m
  [1m[35mCountry Load (0.1ms)[0m  SELECT  "countries".* FROM "countries" WHERE "countries"."id" = ? LIMIT 1  [["id", 1]]
  [1m[36mState Load (0.1ms)[0m  [1mSELECT  "states".* FROM "states" WHERE "states"."id" = ? LIMIT 1[0m  [["id", 3]]
  [1m[35mCACHE (0.0ms)[0m  SELECT  "countries".* FROM "countries" WHERE "countries"."id" = ? LIMIT 1  [["id", 1]]
  [1m[36mState Load (0.1ms)[0m  [1mSELECT  "states".* FROM "states" WHERE "states"."id" = ? LIMIT 1[0m  [["id", 4]]
  Rendered cities/index.html.erb within layouts/application (4.5ms)
Completed 200 OK in 55ms (Views: 53.6ms | ActiveRecord: 0.5ms)
